#
# A fatal error has been detected by the Java Runtime Environment:
#
#  EXCEPTION_ACCESS_VIOLATION (0xc0000005) at pc=0x000000006744c0ae, pid=4192, tid=0x0000000000001034
#
# JRE version: Java(TM) SE Runtime Environment (8.0_102-b14) (build 1.8.0_102-b14)
# Java VM: Java HotSpot(TM) 64-Bit Server VM (25.102-b14 mixed mode windows-amd64 compressed oops)
# Problematic frame:
# C  [msvcr100.dll+0x3c0ae]
#
# Failed to write core dump. Minidumps are not enabled by default on client versions of Windows
#
# If you would like to submit a bug report, please visit:
#   http://bugreport.java.com/bugreport/crash.jsp
#

---------------  T H R E A D  ---------------

Current thread (0x0000000001ec7000):  GCTaskThread [stack: 0x00000000020d0000,0x00000000021d0000] [id=4148]

siginfo: ExceptionCode=0xc0000005, reading address 0x0000000100000000

Registers:
RAX=0x000000000000002d, RBX=0x00000000f9653b10, RCX=0x00000000d12c7438, RDX=0x000000002ed38bd8
RSP=0x00000000021cf318, RBP=0x00000000029191f4, RSI=0x0000000001f3d2c0, RDI=0x00000000ca91af38
R8 =0x000000000df1cfa0, R9 =0x0000000000000000, R10=0x0000000000000000, R11=0x00000000ca91af38
R12=0x00000000119909ed, R13=0x0000000000000015, R14=0x0000000000000001, R15=0x0000000001eb9740
RIP=0x000000006744c0ae, EFLAGS=0x0000000000010202

Top of Stack: (sp=0x00000000021cf318)
0x00000000021cf318:   0000000065646753 00000000029191f4
0x00000000021cf328:   00000000029191f4 0000000001f3d2c0
0x00000000021cf338:   0000000000000015 0000000000000000
0x00000000021cf348:   0000000065a1fa66 00000000f9653b10
0x00000000021cf358:   0000000001f3d2c0 0000000001f3d2c0
0x00000000021cf368:   00000000fb0ef045 00000000f1d10000
0x00000000021cf378:   0000000000001000 00000000ca87b1d0
0x00000000021cf388:   0000000000000400 0000000000000000
0x00000000021cf398:   0000000001f3d200 00000000119909ed
0x00000000021cf3a8:   0000000065a1fd00 00000000c413dc0c
0x00000000021cf3b8:   0000000011990a03 0000000001f3d2c0
0x00000000021cf3c8:   00000000c413e198 00000000c413dc0c
0x00000000021cf3d8:   0000000065a208a5 00000000c00000bb
0x00000000021cf3e8:   000007fefd2210ac 00000000ec18c978
0x00000000021cf3f8:   000007fefd221203 00000000021cf4b8
0x00000000021cf408:   0000000001eba700 0000000000000000 

Instructions: (pc=0x000000006744c0ae)
0x000000006744c08e:   c3 49 10 4c 0f c3 51 18 4c 8b 4c 0a 20 4c 8b 54
0x000000006744c09e:   0a 28 48 83 c1 40 4c 0f c3 49 e0 4c 0f c3 51 e8
0x000000006744c0ae:   4c 8b 4c 0a f0 4c 8b 54 0a f8 ff c8 4c 0f c3 49
0x000000006744c0be:   f0 4c 0f c3 51 f8 75 aa 49 81 e8 00 10 00 00 49 


Register to memory mapping:

RAX=0x000000000000002d is an unknown value
RBX=0x00000000f9653b10 is an oop

[error occurred during error reporting (printing register info), id 0xc0000005]

Stack: [0x00000000020d0000,0x00000000021d0000],  sp=0x00000000021cf318,  free space=1020k
Native frames: (J=compiled Java code, j=interpreted, Vv=VM code, C=native code)
C  [msvcr100.dll+0x3c0ae]
V  [jvm.dll+0x26753]
V  [jvm.dll+0x3ffa66]
V  [jvm.dll+0x3ffd00]
V  [jvm.dll+0x4008a5]
V  [jvm.dll+0x3f03af]
V  [jvm.dll+0x4028b2]
V  [jvm.dll+0x3f1bce]
V  [jvm.dll+0x29c03a]
C  [msvcr100.dll+0x21d7b]
C  [msvcr100.dll+0x21e17]
C  [kernel32.dll+0x1652d]
C  [ntdll.dll+0x2c521]


---------------  P R O C E S S  ---------------

Java Threads: ( => current thread )
  0x000000005663d800 JavaThread "pool-1-thread-4" [_thread_blocked, id=3704, stack(0x0000000058d90000,0x0000000058e90000)]
  0x000000005663c000 JavaThread "pool-1-thread-3" [_thread_blocked, id=5488, stack(0x0000000058bb0000,0x0000000058cb0000)]
  0x000000005663a000 JavaThread "pool-1-thread-2" [_thread_blocked, id=6900, stack(0x0000000058a30000,0x0000000058b30000)]
  0x0000000056639800 JavaThread "pool-2-thread-1" [_thread_blocked, id=4692, stack(0x0000000057f60000,0x0000000058060000)]
  0x00000000565f2000 JavaThread "pool-1-thread-1" [_thread_blocked, id=2000, stack(0x00000000576d0000,0x00000000577d0000)]
  0x000000005639a800 JavaThread "Service Thread" daemon [_thread_blocked, id=5856, stack(0x0000000057220000,0x0000000057320000)]
  0x0000000056307000 JavaThread "C1 CompilerThread3" daemon [_thread_blocked, id=6856, stack(0x0000000057cd0000,0x0000000057dd0000)]
  0x0000000056301000 JavaThread "C2 CompilerThread2" daemon [_thread_blocked, id=5980, stack(0x0000000057de0000,0x0000000057ee0000)]
  0x00000000562fa000 JavaThread "C2 CompilerThread1" daemon [_thread_in_native, id=4780, stack(0x0000000057930000,0x0000000057a30000)]
  0x00000000562f2800 JavaThread "C2 CompilerThread0" daemon [_thread_blocked, id=2624, stack(0x0000000057b80000,0x0000000057c80000)]
  0x00000000562ef000 JavaThread "Attach Listener" daemon [_thread_blocked, id=1508, stack(0x0000000057a70000,0x0000000057b70000)]
  0x00000000562ee000 JavaThread "Signal Dispatcher" daemon [_thread_blocked, id=5708, stack(0x00000000577f0000,0x00000000578f0000)]
  0x000000005523d800 JavaThread "Finalizer" daemon [_thread_blocked, id=6748, stack(0x00000000575d0000,0x00000000576d0000)]
  0x0000000055236800 JavaThread "Reference Handler" daemon [_thread_blocked, id=4972, stack(0x00000000574a0000,0x00000000575a0000)]
  0x0000000001e3e000 JavaThread "main" [_thread_blocked, id=7140, stack(0x00000000021e0000,0x00000000022e0000)]

Other Threads:
  0x00000000562a0800 VMThread [stack: 0x0000000057320000,0x0000000057420000] [id=4580]
  0x00000000563a0000 WatcherThread [stack: 0x0000000058080000,0x0000000058180000] [id=6012]

=>0x0000000001ec7000 (exited) GCTaskThread [stack: 0x00000000020d0000,0x00000000021d0000] [id=4148]

VM state:at safepoint (normal execution)

VM Mutex/Monitor currently owned by a thread:  ([mutex/lock_event])
[0x0000000001e3c5f0] Threads_lock - owner thread: 0x00000000562a0800
[0x0000000001e3caf0] Heap_lock - owner thread: 0x00000000565f2000

Heap:
 PSYoungGen      total 232960K, used 194558K [0x00000000eab00000, 0x0000000100000000, 0x0000000100000000)
  eden space 116736K, 100% used [0x00000000eab00000,0x00000000f1d00000,0x00000000f1d00000)
  from space 116224K, 66% used [0x00000000f8e80000,0x00000000fda7f8b0,0x0000000100000000)
  to   space 116224K, 54% used [0x00000000f1d00000,0x00000000f5b0f0c0,0x00000000f8e80000)
 ParOldGen       total 603648K, used 543188K [0x00000000c0000000, 0x00000000e4d80000, 0x00000000eab00000)
  object space 603648K, 89% used [0x00000000c0000000,0x00000000e12751d0,0x00000000e4d80000)
 Metaspace       used 6446K, capacity 7192K, committed 7424K, reserved 1056768K
  class space    used 624K, capacity 656K, committed 768K, reserved 1048576K

Card table byte_map: [0x0000000011970000,0x0000000011b80000] byte_map_base: 0x0000000011370000

Marking Bits: (ParMarkBitMap*) 0x0000000065e3a6c0
 Begin Bits: [0x0000000012650000, 0x0000000013650000)
 End Bits:   [0x0000000013650000, 0x0000000014650000)

Polling page: 0x0000000000310000

CodeCache: size=245760Kb used=9512Kb max_used=9540Kb free=236247Kb
 bounds [0x00000000025b0000, 0x0000000002f10000, 0x00000000115b0000]
 total_blobs=2360 nmethods=2091 adapters=181
 compilation: enabled

Compilation events (10 events):
Event: 12.856 Thread 0x0000000056307000 2266   !   3       com.android.dx.cf.code.Ropper::doit (126 bytes)
Event: 12.858 Thread 0x0000000056307000 nmethod 2266 0x0000000002ed4f10 code [0x0000000002ed5200, 0x0000000002ed65f8]
Event: 13.010 Thread 0x00000000562f2800 nmethod 2238% 0x0000000002ef1050 code [0x0000000002ef1420, 0x0000000002ef5da0]
Event: 13.010 Thread 0x00000000562f2800 2247 %     4       com.android.dx.ssa.back.SsaToRop::removePhiFunctions @ 13 (83 bytes)
Event: 13.063 Thread 0x00000000562f2800 nmethod 2247% 0x0000000002ecf990 code [0x0000000002ecfbc0, 0x0000000002ed0b68]
Event: 13.063 Thread 0x00000000562f2800 2243       4       com.android.dx.ssa.InterferenceRegisterMapper::addInterfence (62 bytes)
Event: 13.750 Thread 0x0000000056301000 nmethod 2235 0x0000000002efb510 code [0x0000000002efbc00, 0x0000000002f018b0]
Event: 13.752 Thread 0x0000000056301000 2268 %     4       com.android.dx.ssa.DeadCodeRemover::pruneDeadInstructions @ 26 (246 bytes)
Event: 13.775 Thread 0x0000000056301000 nmethod 2268% 0x0000000002ebd290 code [0x0000000002ebd4a0, 0x0000000002ebdeb0]
Event: 13.775 Thread 0x0000000056301000 2278 %     4       com.android.dx.ssa.SsaConverter::edgeSplitSuccessors @ 45 (98 bytes)

GC Heap History (10 events):
Event: 10.723 GC heap after
Heap after GC invocations=8 (full 1):
 PSYoungGen      total 263168K, used 73542K [0x00000000eab00000, 0x0000000100000000, 0x0000000100000000)
  eden space 189440K, 0% used [0x00000000eab00000,0x00000000eab00000,0x00000000f6400000)
  from space 73728K, 99% used [0x00000000f6400000,0x00000000fabd19d0,0x00000000fac00000)
  to   space 86016K, 0% used [0x00000000fac00000,0x00000000fac00000,0x0000000100000000)
 ParOldGen       total 140288K, used 71401K [0x00000000c0000000, 0x00000000c8900000, 0x00000000eab00000)
  object space 140288K, 50% used [0x00000000c0000000,0x00000000c45ba488,0x00000000c8900000)
 Metaspace       used 6428K, capacity 7192K, committed 7424K, reserved 1056768K
  class space    used 624K, capacity 656K, committed 768K, reserved 1048576K
}
Event: 11.009 GC heap before
{Heap before GC invocations=9 (full 1):
 PSYoungGen      total 263168K, used 262982K [0x00000000eab00000, 0x0000000100000000, 0x0000000100000000)
  eden space 189440K, 100% used [0x00000000eab00000,0x00000000f6400000,0x00000000f6400000)
  from space 73728K, 99% used [0x00000000f6400000,0x00000000fabd19d0,0x00000000fac00000)
  to   space 86016K, 0% used [0x00000000fac00000,0x00000000fac00000,0x0000000100000000)
 ParOldGen       total 140288K, used 71401K [0x00000000c0000000, 0x00000000c8900000, 0x00000000eab00000)
  object space 140288K, 50% used [0x00000000c0000000,0x00000000c45ba488,0x00000000c8900000)
 Metaspace       used 6443K, capacity 7192K, committed 7424K, reserved 1056768K
  class space    used 624K, capacity 656K, committed 768K, reserved 1048576K
Event: 11.229 GC heap after
Heap after GC invocations=9 (full 1):
 PSYoungGen      total 202752K, used 86009K [0x00000000eab00000, 0x0000000100000000, 0x0000000100000000)
  eden space 116736K, 0% used [0x00000000eab00000,0x00000000eab00000,0x00000000f1d00000)
  from space 86016K, 99% used [0x00000000fac00000,0x00000000ffffe7f0,0x0000000100000000)
  to   space 116224K, 0% used [0x00000000f1d00000,0x00000000f1d00000,0x00000000f8e80000)
 ParOldGen       total 144384K, used 143974K [0x00000000c0000000, 0x00000000c8d00000, 0x00000000eab00000)
  object space 144384K, 99% used [0x00000000c0000000,0x00000000c8c99a90,0x00000000c8d00000)
 Metaspace       used 6443K, capacity 7192K, committed 7424K, reserved 1056768K
  class space    used 624K, capacity 656K, committed 768K, reserved 1048576K
}
Event: 11.229 GC heap before
{Heap before GC invocations=10 (full 2):
 PSYoungGen      total 202752K, used 86009K [0x00000000eab00000, 0x0000000100000000, 0x0000000100000000)
  eden space 116736K, 0% used [0x00000000eab00000,0x00000000eab00000,0x00000000f1d00000)
  from space 86016K, 99% used [0x00000000fac00000,0x00000000ffffe7f0,0x0000000100000000)
  to   space 116224K, 0% used [0x00000000f1d00000,0x00000000f1d00000,0x00000000f8e80000)
 ParOldGen       total 144384K, used 143974K [0x00000000c0000000, 0x00000000c8d00000, 0x00000000eab00000)
  object space 144384K, 99% used [0x00000000c0000000,0x00000000c8c99a90,0x00000000c8d00000)
 Metaspace       used 6443K, capacity 7192K, committed 7424K, reserved 1056768K
  class space    used 624K, capacity 656K, committed 768K, reserved 1048576K
Event: 11.932 GC heap after
Heap after GC invocations=10 (full 2):
 PSYoungGen      total 202752K, used 29865K [0x00000000eab00000, 0x0000000100000000, 0x0000000100000000)
  eden space 116736K, 0% used [0x00000000eab00000,0x00000000eab00000,0x00000000f1d00000)
  from space 86016K, 34% used [0x00000000fac00000,0x00000000fc92a7c8,0x0000000100000000)
  to   space 116224K, 0% used [0x00000000f1d00000,0x00000000f1d00000,0x00000000f8e80000)
 ParOldGen       total 266752K, used 144213K [0x00000000c0000000, 0x00000000d0480000, 0x00000000eab00000)
  object space 266752K, 54% used [0x00000000c0000000,0x00000000c8cd56c8,0x00000000d0480000)
 Metaspace       used 6443K, capacity 7192K, committed 7424K, reserved 1056768K
  class space    used 624K, capacity 656K, committed 768K, reserved 1048576K
}
Event: 12.196 GC heap before
{Heap before GC invocations=11 (full 2):
 PSYoungGen      total 202752K, used 146601K [0x00000000eab00000, 0x0000000100000000, 0x0000000100000000)
  eden space 116736K, 100% used [0x00000000eab00000,0x00000000f1d00000,0x00000000f1d00000)
  from space 86016K, 34% used [0x00000000fac00000,0x00000000fc92a7c8,0x0000000100000000)
  to   space 116224K, 0% used [0x00000000f1d00000,0x00000000f1d00000,0x00000000f8e80000)
 ParOldGen       total 266752K, used 144213K [0x00000000c0000000, 0x00000000d0480000, 0x00000000eab00000)
  object space 266752K, 54% used [0x00000000c0000000,0x00000000c8cd56c8,0x00000000d0480000)
 Metaspace       used 6443K, capacity 7192K, committed 7424K, reserved 1056768K
  class space    used 624K, capacity 656K, committed 768K, reserved 1048576K
Event: 12.753 GC heap after
Heap after GC invocations=11 (full 2):
 PSYoungGen      total 232960K, used 64068K [0x00000000eab00000, 0x0000000100000000, 0x0000000100000000)
  eden space 116736K, 0% used [0x00000000eab00000,0x00000000eab00000,0x00000000f1d00000)
  from space 116224K, 55% used [0x00000000f1d00000,0x00000000f5b91238,0x00000000f8e80000)
  to   space 116224K, 0% used [0x00000000f8e80000,0x00000000f8e80000,0x0000000100000000)
 ParOldGen       total 266752K, used 159487K [0x00000000c0000000, 0x00000000d0480000, 0x00000000eab00000)
  object space 266752K, 59% used [0x00000000c0000000,0x00000000c9bbfd48,0x00000000d0480000)
 Metaspace       used 6443K, capacity 7192K, committed 7424K, reserved 1056768K
  class space    used 624K, capacity 656K, committed 768K, reserved 1048576K
}
Event: 13.107 GC heap before
{Heap before GC invocations=12 (full 2):
 PSYoungGen      total 232960K, used 180804K [0x00000000eab00000, 0x0000000100000000, 0x0000000100000000)
  eden space 116736K, 100% used [0x00000000eab00000,0x00000000f1d00000,0x00000000f1d00000)
  from space 116224K, 55% used [0x00000000f1d00000,0x00000000f5b91238,0x00000000f8e80000)
  to   space 116224K, 0% used [0x00000000f8e80000,0x00000000f8e80000,0x0000000100000000)
 ParOldGen       total 266752K, used 159487K [0x00000000c0000000, 0x00000000d0480000, 0x00000000eab00000)
  object space 266752K, 59% used [0x00000000c0000000,0x00000000c9bbfd48,0x00000000d0480000)
 Metaspace       used 6446K, capacity 7192K, committed 7424K, reserved 1056768K
  class space    used 624K, capacity 656K, committed 768K, reserved 1048576K
Event: 13.501 GC heap after
Heap after GC invocations=12 (full 2):
 PSYoungGen      total 232960K, used 77822K [0x00000000eab00000, 0x0000000100000000, 0x0000000100000000)
  eden space 116736K, 0% used [0x00000000eab00000,0x00000000eab00000,0x00000000f1d00000)
  from space 116224K, 66% used [0x00000000f8e80000,0x00000000fda7f8b0,0x0000000100000000)
  to   space 116224K, 0% used [0x00000000f1d00000,0x00000000f1d00000,0x00000000f8e80000)
 ParOldGen       total 266752K, used 170956K [0x00000000c0000000, 0x00000000d0480000, 0x00000000eab00000)
  object space 266752K, 64% used [0x00000000c0000000,0x00000000ca6f31d0,0x00000000d0480000)
 Metaspace       used 6446K, capacity 7192K, committed 7424K, reserved 1056768K
  class space    used 624K, capacity 656K, committed 768K, reserved 1048576K
}
Event: 13.899 GC heap before
{Heap before GC invocations=13 (full 2):
 PSYoungGen      total 232960K, used 194558K [0x00000000eab00000, 0x0000000100000000, 0x0000000100000000)
  eden space 116736K, 100% used [0x00000000eab00000,0x00000000f1d00000,0x00000000f1d00000)
  from space 116224K, 66% used [0x00000000f8e80000,0x00000000fda7f8b0,0x0000000100000000)
  to   space 116224K, 0% used [0x00000000f1d00000,0x00000000f1d00000,0x00000000f8e80000)
 ParOldGen       total 266752K, used 170956K [0x00000000c0000000, 0x00000000d0480000, 0x00000000eab00000)
  object space 266752K, 64% used [0x00000000c0000000,0x00000000ca6f31d0,0x00000000d0480000)
 Metaspace       used 6446K, capacity 7192K, committed 7424K, reserved 1056768K
  class space    used 624K, capacity 656K, committed 768K, reserved 1048576K

Deoptimization events (10 events):
Event: 7.929 Thread 0x0000000001e3e000 Uncommon trap: reason=unstable_if action=reinterpret pc=0x0000000002d3b778 method=com.android.dx.cf.code.Merger.mergeType(Lcom/android/dx/rop/type/TypeBearer;Lcom/android/dx/rop/type/TypeBearer;)Lcom/android/dx/rop/type/TypeBearer; @ 52
Event: 8.829 Thread 0x000000005663a000 Uncommon trap: reason=class_check action=maybe_recompile pc=0x0000000002d2ce58 method=com.android.dx.ssa.SsaConverter.placePhiFunctions(Lcom/android/dx/ssa/SsaMethod;Lcom/android/dx/ssa/LocalVariableInfo;I)V @ 257
Event: 9.852 Thread 0x0000000001e3e000 Uncommon trap: reason=bimorphic action=maybe_recompile pc=0x0000000002d4db24 method=com.android.dx.cf.code.BytecodeArray.parseInstruction(ILcom/android/dx/cf/code/BytecodeArray$Visitor;)I @ 1357
Event: 9.853 Thread 0x0000000001e3e000 Uncommon trap: reason=bimorphic action=maybe_recompile pc=0x0000000002d4db24 method=com.android.dx.cf.code.BytecodeArray.parseInstruction(ILcom/android/dx/cf/code/BytecodeArray$Visitor;)I @ 1357
Event: 10.087 Thread 0x000000005663d800 Uncommon trap: reason=class_check action=maybe_recompile pc=0x0000000002d2ce58 method=com.android.dx.ssa.SsaConverter.placePhiFunctions(Lcom/android/dx/ssa/SsaMethod;Lcom/android/dx/ssa/LocalVariableInfo;I)V @ 257
Event: 10.368 Thread 0x0000000001e3e000 Uncommon trap: reason=unstable_if action=reinterpret pc=0x0000000002b858a4 method=com.android.dx.ssa.DeadCodeRemover.pruneDeadInstructions()V @ 49
Event: 10.740 Thread 0x0000000001e3e000 Uncommon trap: reason=bimorphic action=maybe_recompile pc=0x0000000002e709fc method=com.android.dx.cf.code.BytecodeArray.parseInstruction(ILcom/android/dx/cf/code/BytecodeArray$Visitor;)I @ 1501
Event: 10.740 Thread 0x0000000001e3e000 Uncommon trap: reason=bimorphic action=maybe_recompile pc=0x0000000002e709fc method=com.android.dx.cf.code.BytecodeArray.parseInstruction(ILcom/android/dx/cf/code/BytecodeArray$Visitor;)I @ 1501
Event: 10.742 Thread 0x0000000001e3e000 Uncommon trap: reason=unstable_if action=reinterpret pc=0x0000000002bb902c method=com.android.dx.util.BitIntSet.has(I)Z @ 8
Event: 10.984 Thread 0x000000005663c000 Uncommon trap: reason=class_check action=maybe_recompile pc=0x0000000002d2ce58 method=com.android.dx.ssa.SsaConverter.placePhiFunctions(Lcom/android/dx/ssa/SsaMethod;Lcom/android/dx/ssa/LocalVariableInfo;I)V @ 257

Internal exceptions (5 events):
Event: 0.155 Thread 0x0000000001e3e000 Exception <a 'java/lang/NoSuchMethodError': Method sun.misc.Unsafe.defineClass(Ljava/lang/String;[BII)Ljava/lang/Class; name or signature does not match> (0x00000000eab07c78) thrown at [C:\re\workspace\8-2-build-windows-amd64-cygwin\jdk8u102\7268\hotspot\sOªú‹√?
Event: 0.155 Thread 0x0000000001e3e000 Exception <a 'java/lang/NoSuchMethodError': Method sun.misc.Unsafe.prefetchRead(Ljava/lang/Object;J)V name or signature does not match> (0x00000000eab07f60) thrown at [C:\re\workspace\8-2-build-windows-amd64-cygwin\jdk8u102\7268\hotspot\src\share\vm\prims\E2º¿!E@
Event: 6.318 Thread 0x000000005663d800 Exception <a 'java/lang/ArrayIndexOutOfBoundsException': 18> (0x00000000ebe81218) thrown at [C:\re\workspace\8-2-build-windows-amd64-cygwin\jdk8u102\7268\hotspot\src\share\vm\interpreter\interpreterRuntime.cpp, line 366]
Event: 6.318 Thread 0x000000005663d800 Exception <a 'java/lang/ArrayIndexOutOfBoundsException': 145> (0x00000000ebe82d98) thrown at [C:\re\workspace\8-2-build-windows-amd64-cygwin\jdk8u102\7268\hotspot\src\share\vm\interpreter\interpreterRuntime.cpp, line 366]
Event: 6.319 Thread 0x000000005663d800 Exception <a 'java/lang/ArrayIndexOutOfBoundsException'> (0x00000000ebe84080) thrown at [C:\re\workspace\8-2-build-windows-amd64-cygwin\jdk8u102\7268\hotspot\src\share\vm\runtime\sharedRuntime.cpp, line 605]

Events (10 events):
Event: 13.695 Thread 0x000000005663d800 DEOPT UNPACKING pc=0x00000000025f787f sp=0x0000000058e8e868 mode 0
Event: 13.753 Thread 0x000000005663d800 DEOPT PACKING pc=0x0000000002a8252a sp=0x0000000058e8e890
Event: 13.753 Thread 0x000000005663d800 DEOPT UNPACKING pc=0x00000000025f787f sp=0x0000000058e8e6d0 mode 0
Event: 13.850 Thread 0x000000005663d800 DEOPT PACKING pc=0x0000000002e89489 sp=0x0000000058e8e990
Event: 13.850 Thread 0x000000005663d800 DEOPT UNPACKING pc=0x00000000025f787f sp=0x0000000058e8e720 mode 0
Event: 13.875 Thread 0x000000005663d800 DEOPT PACKING pc=0x0000000002e89489 sp=0x0000000058e8e990
Event: 13.875 Thread 0x000000005663d800 DEOPT UNPACKING pc=0x00000000025f787f sp=0x0000000058e8e720 mode 0
Event: 13.878 Thread 0x00000000565f2000 DEOPT PACKING pc=0x0000000002ae73ef sp=0x00000000577ceca0
Event: 13.878 Thread 0x00000000565f2000 DEOPT UNPACKING pc=0x00000000025f787f sp=0x00000000577cea88 mode 0
Event: 13.886 Executing VM operation: ParallelGCFailedAllocation


Dynamic libraries:
0x000000013ff60000 - 0x000000013ff97000 	C:\Program Files\Java\jdk1.8.0_102\bin\java.exe
0x00000000770e0000 - 0x0000000077289000 	C:\Windows\SYSTEM32\ntdll.dll
0x0000000076fc0000 - 0x00000000770df000 	C:\Windows\system32\kernel32.dll
0x000007fefd220000 - 0x000007fefd28b000 	C:\Windows\system32\KERNELBASE.dll
0x000007fefef30000 - 0x000007feff00b000 	C:\Windows\system32\ADVAPI32.dll
0x000007feff1f0000 - 0x000007feff28f000 	C:\Windows\system32\msvcrt.dll
0x000007feff140000 - 0x000007feff15f000 	C:\Windows\SYSTEM32\sechost.dll
0x000007fefee00000 - 0x000007fefef2d000 	C:\Windows\system32\RPCRT4.dll
0x0000000076ec0000 - 0x0000000076fba000 	C:\Windows\system32\USER32.dll
0x000007fefdb70000 - 0x000007fefdbd7000 	C:\Windows\system32\GDI32.dll
0x000007feff160000 - 0x000007feff16e000 	C:\Windows\system32\LPK.dll
0x000007fefdaa0000 - 0x000007fefdb69000 	C:\Windows\system32\USP10.dll
0x000007fefb6f0000 - 0x000007fefb8e4000 	C:\Windows\WinSxS\amd64_microsoft.windows.common-controls_6595b64144ccf1df_6.0.7601.17514_none_fa396087175ac9ac\COMCTL32.dll
0x000007feff170000 - 0x000007feff1e1000 	C:\Windows\system32\SHLWAPI.dll
0x000007feff3c0000 - 0x000007feff3ee000 	C:\Windows\system32\IMM32.DLL
0x000007feff030000 - 0x000007feff139000 	C:\Windows\system32\MSCTF.dll
0x0000000067410000 - 0x00000000674e1000 	C:\Program Files\Java\jdk1.8.0_102\jre\bin\msvcr100.dll
0x0000000065620000 - 0x0000000065eba000 	C:\Program Files\Java\jdk1.8.0_102\jre\bin\server\jvm.dll
0x000007fefa640000 - 0x000007fefa649000 	C:\Windows\system32\WSOCK32.dll
0x000007fefedb0000 - 0x000007fefedfd000 	C:\Windows\system32\WS2_32.dll
0x000007fefd400000 - 0x000007fefd408000 	C:\Windows\system32\NSI.dll
0x000007fefb8f0000 - 0x000007fefb92b000 	C:\Windows\system32\WINMM.dll
0x000007fefbf90000 - 0x000007fefbf9c000 	C:\Windows\system32\VERSION.dll
0x00000000772a0000 - 0x00000000772a7000 	C:\Windows\system32\PSAPI.DLL
0x0000000073b00000 - 0x0000000073b0f000 	C:\Program Files\Java\jdk1.8.0_102\jre\bin\verify.dll
0x0000000071ef0000 - 0x0000000071f19000 	C:\Program Files\Java\jdk1.8.0_102\jre\bin\java.dll
0x0000000071ed0000 - 0x0000000071ee6000 	C:\Program Files\Java\jdk1.8.0_102\jre\bin\zip.dll
0x000007fefdfc0000 - 0x000007fefed48000 	C:\Windows\system32\SHELL32.dll
0x000007fefd890000 - 0x000007fefda93000 	C:\Windows\system32\ole32.dll
0x000007fefd030000 - 0x000007fefd03f000 	C:\Windows\system32\profapi.dll
0x000007fef46a0000 - 0x000007fef47c5000 	C:\Windows\system32\dbghelp.dll

VM Arguments:
jvm_args: -Djava.awt.headless=true -Xmx1024M -Dfile.encoding=windows-1252 -Duser.country=US -Duser.language=en -Duser.variant 
java_command: com.android.dx.command.Main --dex --num-threads=4 --output D:\ProjectNIIT\Pencel\app\build\intermediates\pre-dexed\debug\com.google.android.gms-play-services-ads-9.2.0_d0be6cc8bad444151fb89f54a3750eca7ec713fb.jar D:\ProjectNIIT\Pencel\app\build\intermediates\exploded-aar\com.google.android.gms\play-services-ads\9.2.0\jars\classes.jar
java_class_path (initial): C:\Users\Admin\AppData\Local\Android\sdk\build-tools\24.0.1\lib\dx.jar
Launcher Type: SUN_STANDARD

Environment Variables:
PATH=C:\ProgramData\Oracle\Java\javapath;C:\Program Files (x86)\NVIDIA Corporation\PhysX\Common;c:\Program Files (x86)\Intel\iCLS Client\;c:\Program Files\Intel\iCLS Client\;C:\Windows\system32;C:\Windows;C:\Windows\System32\Wbem;C:\Windows\System32\WindowsPowerShell\v1.0\;C:\Program Files\Intel\Intel(R) Management Engine Components\DAL;C:\Program Files\Intel\Intel(R) Management Engine Components\IPT;C:\Program Files (x86)\Intel\Intel(R) Management Engine Components\DAL;C:\Program Files (x86)\Intel\Intel(R) Management Engine Components\IPT;C:\Program Files (x86)\Bitvise SSH Client;C:\Program Files\Intel\WiFi\bin\;C:\Program Files\Common Files\Intel\WirelessCommon\;C:\Program Files\Intel\WiFi\bin\;C:\Program Files\Common Files\Intel\WirelessCommon\
USERNAME=Admin
OS=Windows_NT
PROCESSOR_IDENTIFIER=Intel64 Family 6 Model 58 Stepping 9, GenuineIntel



---------------  S Y S T E M  ---------------

OS: Windows 7 , 64 bit Build 7601 (6.1.7601.17514)

CPU:total 8 (4 cores per cpu, 2 threads per core) family 6 model 58 stepping 9, cmov, cx8, fxsr, mmx, sse, sse2, sse3, ssse3, sse4.1, sse4.2, popcnt, avx, aes, clmul, erms, ht, tsc, tscinvbit, tscinv

Memory: 4k page, physical 8319552k(888764k free), swap 16637260k(7663400k free)

vm_info: Java HotSpot(TM) 64-Bit Server VM (25.102-b14) for windows-amd64 JRE (1.8.0_102-b14), built on Jun 22 2016 13:15:21 by "java_re" with MS VC++ 10.0 (VS2010)

time: Wed Aug 31 21:23:22 2016
elapsed time: 14 seconds (0d 0h 0m 14s)

