#
# A fatal error has been detected by the Java Runtime Environment:
#
#  EXCEPTION_ACCESS_VIOLATION (0xc0000005) at pc=0x0000000002396c6f, pid=4876, tid=0x0000000000000690
#
# JRE version: Java(TM) SE Runtime Environment (8.0_102-b14) (build 1.8.0_102-b14)
# Java VM: Java HotSpot(TM) 64-Bit Server VM (25.102-b14 mixed mode windows-amd64 compressed oops)
# Problematic frame:
# v  ~BufferBlob::I2C/C2I adapters
#
# Failed to write core dump. Minidumps are not enabled by default on client versions of Windows
#
# If you would like to submit a bug report, please visit:
#   http://bugreport.java.com/bugreport/crash.jsp
#

---------------  T H R E A D  ---------------

Current thread (0x0000000001d3e000):  GCTaskThread [stack: 0x00000000127b0000,0x00000000128b0000] [id=1680]

siginfo: ExceptionCode=0xc0000005, reading address 0x000000000000019e

Registers:
RAX=0x00000000128af468, RBX=0x000000000000015e, RCX=0x00000007c00810f8, RDX=0x0000000001dbf5c0
RSP=0x00000000128af458, RBP=0x0000000000000000, RSI=0x0000000001dbf5c0, RDI=0x0000000000000001
R8 =0x00000006d79b9b10, R9 =0x00000007c00810f8, R10=0x000000000000000c, R11=0x00000000128af468
R12=0x000000005cf02008, R13=0x0000000001d3b010, R14=0x0000000001d3e850, R15=0x0000000000000000
RIP=0x0000000002396c6f, EFLAGS=0x0000000000010206

Top of Stack: (sp=0x00000000128af458)
0x00000000128af458:   000000005cca6d40 000000000000015f
0x00000000128af468:   000000005cca6d40 000000001ccc0b38
0x00000000128af478:   0000000000000000 0000000001dbf5c0
0x00000000128af488:   000000005cf02008 00000006d25171d0
0x00000000128af498:   000000005ccaae48 000000005d0ca6c0
0x00000000128af4a8:   0000000000000005 0000000700000000
0x00000000128af4b8:   00000efb000002bd 00000006c70eb954
0x00000000128af4c8:   000000005c9c4596 00000006d25171d0
0x00000000128af4d8:   0000000001d3b010 0000000001d3e860
0x00000000128af4e8:   0000000001d3e850 000000005cf02008
0x00000000128af4f8:   0000000000000001 000000001fffeca0
0x00000000128af508:   0000000000000000 0000000001dbf5c0
0x00000000128af518:   000000005cca472f 00000006d79b9b10
0x00000000128af528:   0000000000000000 000000001fffeca0
0x00000000128af538:   000000005cf02008 00000007a08ea428
0x00000000128af548:   0000000000006e00 000000001fffeca0 

Instructions: (pc=0x0000000002396c6f)
0x0000000002396c4f:   00 3c 64 13 64 8f 64 00 00 00 00 00 00 00 00 00
0x0000000002396c5f:   00 48 8b 04 24 4c 8b dc 48 83 e4 f0 50 49 8b c3
0x0000000002396c6f:   4c 8b 5b 40 48 8b 50 10 4c 8b 40 08 49 89 9f 30
0x0000000002396c7f:   02 00 00 48 8b c3 41 ff e3 8b 5a 08 48 c1 e3 03 


Register to memory mapping:

RAX=0x00000000128af468 is an unknown value
RBX=0x000000000000015e is an unknown value
RCX=0x00000007c00810f8 is pointing into metadata
RDX=0x0000000001dbf5c0 is an unknown value
RSP=0x00000000128af458 is an unknown value
RBP=0x0000000000000000 is an unknown value
RSI=0x0000000001dbf5c0 is an unknown value
RDI=0x0000000000000001 is an unknown value
R8 =