#
# A fatal error has been detected by the Java Runtime Environment:
#
#  Internal Error (block.cpp:138), pid=3748, tid=0x00000000000010bc
#  Error: ShouldNotReachHere()
#
# JRE version: Java(TM) SE Runtime Environment (8.0_102-b14) (build 1.8.0_102-b14)
# Java VM: Java HotSpot(TM) 64-Bit Server VM (25.102-b14 mixed mode windows-amd64 compressed oops)
# Failed to write core dump. Minidumps are not enabled by default on client versions of Windows
#
# If you would like to submit a bug report, please visit:
#   http://bugreport.java.com/bugreport/crash.jsp
#

---------------  T H R E A D  ---------------

Current thread (0x00000000563b4000):  JavaThread "C2 CompilerThread0" daemon [_thread_in_native, id=4284, stack(0x0000000057840000,0x0000000057940000)]

Stack: [0x0000000057840000,0x0000000057940000]
[error occurred during error reporting (printing stack bounds), id 0xc0000005]

Native frames: (J=compiled Java code, j=interpreted, Vv=VM code, C=native code)


Current CompileTask:
C2:  12828 4652   !   4       com.sun.beans.TypeResolver::resolve (274 bytes)


---------------  P R O C E S S  ---------------

Java Threads: ( => current thread )
  0x000000005977c800 JavaThread "File lock request listener" [_thread_in_native, id=5040, stack(0x000000005b420000,0x000000005b520000)]
  0x0000000059733000 JavaThread "Stdin handler" [_thread_blocked, id=3556, stack(0x000000005acf0000,0x000000005adf0000)]
  0x0000000059730800 JavaThread "Asynchronous log dispatcher for org.gradle.launcher.daemon.server.DefaultDaemonConnection@197429d9" [_thread_blocked, id=4252, stack(0x000000005ab60000,0x000000005ac60000)]
  0x000000005973e800 JavaThread "Daemon worker" [_thread_in_native, id=3640, stack(0x000000005aa10000,0x000000005ab10000)]
  0x0000000059739000 JavaThread "Cancel handler" [_thread_blocked, id=3020, stack(0x000000005a720000,0x000000005a820000)]
  0x000000005941a800 JavaThread "Handler for socket connection from /127.0.0.1:49932 to /127.0.0.1:49933" [_thread_in_native, id=5624, stack(0x000000005a830000,0x000000005a930000)]
  0x000000005941a000 JavaThread "Daemon" [_thread_blocked, id=2112, stack(0x000000005a610000,0x000000005a710000)]
  0x00000000588bc000 JavaThread "Incoming local TCP Connector on port 49932" [_thread_in_native, id=3608, stack(0x000000005a1d0000,0x000000005a2d0000)]
  0x0000000058bc6000 JavaThread "pool-1-thread-1" [_thread_blocked, id=5984, stack(0x000000005a080000,0x000000005a180000)]
  0x0000000056458000 JavaThread "Service Thread" daemon [_thread_blocked, id=5356, stack(0x0000000058320000,0x0000000058420000)]
  0x00000000563c4800 JavaThread "C1 CompilerThread3" daemon [_thread_blocked, id=5332, stack(0x0000000058160000,0x0000000058260000)]
  0x00000000563c2800 JavaThread "C2 CompilerThread2" daemon [_thread_blocked, id=2172, stack(0x0000000057fd0000,0x00000000580d0000)]
  0x00000000563bb800 JavaThread "C2 CompilerThread1" daemon [_thread_in_native, id=4376, stack(0x0000000057d50000,0x0000000057e50000)]
=>0x00000000563b4000 JavaThread "C2 CompilerThread0" daemon [_thread_in_native, id=4284, stack(0x0000000057840000,0x0000000057940000)]
  0x00000000563b3000 JavaThread "Attach Listener" daemon [_thread_blocked, id=4900, stack(0x0000000057b80000,0x0000000057c80000)]
  0x00000000563b2000 JavaThread "Signal Dispatcher" daemon [_thread_blocked, id=3024, stack(0x0000000057a00000,0x0000000057b00000)]
  0x0000000055412800 JavaThread "Finalizer" daemon [_thread_blocked, id=3716, stack(0x0000000057730000,0x0000000057830000)]
  0x0000000056363800 JavaThread "Reference Handler" daemon [_thread_blocked, id=2304, stack(0x00000000575b0000,0x00000000576b0000)]
  0x0000000001eef000 JavaThread "main" [_thread_blocked, id=4600, stack(0x0000000001f00000,0x0000000002000000)]

Other Threads:
  0x0000000056362000 VMThread [stack: 0x00000000573b0000,0x00000000574b0000] [id=2300]
  0x000000005647d800 WatcherThread [stack: 0x0000000058430000,0x0000000058530000] [id=3184]

VM state:not at safepoint (normal execution)

VM Mutex/Monitor currently owned by a thread: None

Heap:
 PSYoungGen      total 142336K, used 36072K [0x00000000eab00000, 0x00000000f4c80000, 0x0000000100000000)
  eden space 129024K, 17% used [0x00000000eab00000,0x00000000ec13bde0,0x00000000f2900000)
  from space 13312K, 99% used [0x00000000f3900000,0x00000000f45fe270,0x00000000f4600000)
  to   space 16384K, 0% used [0x00000000f2900000,0x00000000f2900000,0x00000000f3900000)
 ParOldGen       total 87040K, used 22790K [0x00000000c0000000, 0x00000000c5500000, 0x00000000eab00000)
  object space 87040K, 26% used [0x00000000c0000000,0x00000000c1641a98,0x00000000c5500000)
 Metaspace       used 47199K, capacity 48288K, committed 48640K, reserved 1091584K
  class space    used 6552K, capacity 6786K, committed 6912K, reserved 1048576K

Card table byte_map: [0x00000000117f0000,0x0000000011a00000] byte_map_base: 0x00000000111f0000

Marking Bits: (ParMarkBitMap*) 0x000000006666a6c0
 Begin Bits: [0x0000000012820000, 0x0000000013820000)
 End Bits:   [0x0000000013820000, 0x0000000014820000)

Polling page: 0x0000000000110000

CodeCache: size=245760Kb used=18935Kb max_used=18947Kb free=226824Kb
 bounds [0x0000000002430000, 0x00000000036d0000, 0x0000000011430000]
 total_blobs=5941 nmethods=5230 adapters=622
 compilation: enabled

Compilation events (10 events):
Event: 12.741 Thread 0x00000000563c4800 5727       3       com.esotericsoftware.kryo.io.Output::writeInt (433 bytes)
Event: 12.742 Thread 0x00000000563c4800 nmethod 5727 0x00000000036b7350 code [0x00000000036b7540, 0x00000000036b7c88]
Event: 12.765 Thread 0x00000000563c4800 5728       3       org.gradle.internal.classloader.FilteringClassLoader::getPackage (22 bytes)
Event: 12.765 Thread 0x00000000563c2800 nmethod 5444 0x00000000036bcb90 code [0x00000000036bcd80, 0x00000000036beb98]
Event: 12.765 Thread 0x00000000563c2800 5719       4       org.codehaus.groovy.util.ComplexKeyHashMap$1::next (5 bytes)
Event: 12.765 Thread 0x00000000563c4800 nmethod 5728 0x00000000036bc710 code [0x00000000036bc880, 0x00000000036bcad8]
Event: 12.767 Thread 0x00000000563c2800 nmethod 5719 0x00000000036b9590 code [0x00000000036b96e0, 0x00000000036b9858]
Event: 12.767 Thread 0x00000000563c2800 5704       4       org.codehaus.groovy.reflection.ClassInfo::getClassInfo (27 bytes)
Event: 12.781 Thread 0x00000000563c2800 nmethod 5704 0x00000000036c1fd0 code [0x00000000036c21e0, 0x00000000036c2be0]
Event: 12.781 Thread 0x00000000563c2800 5705       4       org.codehaus.groovy.reflection.ClassInfo::getLocalClassInfoMap (37 bytes)

GC Heap History (10 events):
Event: 9.148 GC heap before
{Heap before GC invocations=10 (full 1):
 PSYoungGen      total 81920K, used 80594K [0x00000000eab00000, 0x00000000f0680000, 0x0000000100000000)
  eden space 74240K, 100% used [0x00000000eab00000,0x00000000ef380000,0x00000000ef380000)
  from space 7680K, 82% used [0x00000000eff00000,0x00000000f0534b18,0x00000000f0680000)
  to   space 9728K, 0% used [0x00000000ef380000,0x00000000ef380000,0x00000000efd00000)
 ParOldGen       total 63488K, used 8902K [0x00000000c0000000, 0x00000000c3e00000, 0x00000000eab00000)
  object space 63488K, 14% used [0x00000000c0000000,0x00000000c08b19b8,0x00000000c3e00000)
 Metaspace       used 34247K, capacity 34942K, committed 35200K, reserved 1079296K
  class space    used 4715K, capacity 4886K, committed 4992K, reserved 1048576K
Event: 9.158 GC heap after
Heap after GC invocations=10 (full 1):
 PSYoungGen      total 83968K, used 9718K [0x00000000eab00000, 0x00000000f1e80000, 0x0000000100000000)
  eden space 74240K, 0% used [0x00000000eab00000,0x00000000eab00000,0x00000000ef380000)
  from space 9728K, 99% used [0x00000000ef380000,0x00000000efcfdbd8,0x00000000efd00000)
  to   space 11776K, 0% used [0x00000000f1300000,0x00000000f1300000,0x00000000f1e80000)
 ParOldGen       total 63488K, used 11232K [0x00000000c0000000, 0x00000000c3e00000, 0x00000000eab00000)
  object space 63488K, 17% used [0x00000000c0000000,0x00000000c0af8090,0x00000000c3e00000)
 Metaspace       used 34247K, capacity 34942K, committed 35200K, reserved 1079296K
  class space    used 4715K, capacity 4886K, committed 4992K, reserved 1048576K
}
Event: 9.344 GC heap before
{Heap before GC invocations=11 (full 1):
 PSYoungGen      total 83968K, used 22735K [0x00000000eab00000, 0x00000000f1e80000, 0x0000000100000000)
  eden space 74240K, 17% used [0x00000000eab00000,0x00000000eb7b6390,0x00000000ef380000)
  from space 9728K, 99% used [0x00000000ef380000,0x00000000efcfdbd8,0x00000000efd00000)
  to   space 11776K, 0% used [0x00000000f1300000,0x00000000f1300000,0x00000000f1e80000)
 ParOldGen       total 63488K, used 11232K [0x00000000c0000000, 0x00000000c3e00000, 0x00000000eab00000)
  object space 63488K, 17% used [0x00000000c0000000,0x00000000c0af8090,0x00000000c3e00000)
 Metaspace       used 34563K, capacity 35254K, committed 35456K, reserved 1079296K
  class space    used 4763K, capacity 4925K, committed 4992K, reserved 1048576K
Event: 9.369 GC heap after
Heap after GC invocations=11 (full 1):
 PSYoungGen      total 105472K, used 11095K [0x00000000eab00000, 0x00000000f2c00000, 0x0000000100000000)
  eden space 93696K, 0% used [0x00000000eab00000,0x00000000eab00000,0x00000000f0680000)
  from space 11776K, 94% used [0x00000000f1300000,0x00000000f1dd5e70,0x00000000f1e80000)
  to   space 12800K, 0% used [0x00000000f0680000,0x00000000f0680000,0x00000000f1300000)
 ParOldGen       total 63488K, used 11240K [0x00000000c0000000, 0x00000000c3e00000, 0x00000000eab00000)
  object space 63488K, 17% used [0x00000000c0000000,0x00000000c0afa090,0x00000000c3e00000)
 Metaspace       used 34563K, capacity 35254K, committed 35456K, reserved 1079296K
  class space    used 4763K, capacity 4925K, committed 4992K, reserved 1048576K
}
Event: 9.369 GC heap before
{Heap before GC invocations=12 (full 2):
 PSYoungGen      total 105472K, used 11095K [0x00000000eab00000, 0x00000000f2c00000, 0x0000000100000000)
  eden space 93696K, 0% used [0x00000000eab00000,0x00000000eab00000,0x00000000f0680000)
  from space 11776K, 94% used [0x00000000f1300000,0x00000000f1dd5e70,0x00000000f1e80000)
  to   space 12800K, 0% used [0x00000000f0680000,0x00000000f0680000,0x00000000f1300000)
 ParOldGen       total 63488K, used 11240K [0x00000000c0000000, 0x00000000c3e00000, 0x00000000eab00000)
  object space 63488K, 17% used [0x00000000c0000000,0x00000000c0afa090,0x00000000c3e00000)
 Metaspace       used 34563K, capacity 35254K, committed 35456K, reserved 1079296K
  class space    used 4763K, capacity 4925K, committed 4992K, reserved 1048576K
Event: 9.456 GC heap after
Heap after GC invocations=12 (full 2):
 PSYoungGen      total 105472K, used 0K [0x00000000eab00000, 0x00000000f2c00000, 0x0000000100000000)
  eden space 93696K, 0% used [0x00000000eab00000,0x00000000eab00000,0x00000000f0680000)
  from space 11776K, 0% used [0x00000000f1300000,0x00000000f1300000,0x00000000f1e80000)
  to   space 12800K, 0% used [0x00000000f0680000,0x00000000f0680000,0x00000000f1300000)
 ParOldGen       total 87040K, used 18738K [0x00000000c0000000, 0x00000000c5500000, 0x00000000eab00000)
  object space 87040K, 21% used [0x00000000c0000000,0x00000000c124c8a8,0x00000000c5500000)
 Metaspace       used 34563K, capacity 35254K, committed 35456K, reserved 1079296K
  class space    used 4763K, capacity 4925K, committed 4992K, reserved 1048576K
}
Event: 10.937 GC heap before
{Heap before GC invocations=13 (full 2):
 PSYoungGen      total 105472K, used 93696K [0x00000000eab00000, 0x00000000f2c00000, 0x0000000100000000)
  eden space 93696K, 100% used [0x00000000eab00000,0x00000000f0680000,0x00000000f0680000)
  from space 11776K, 0% used [0x00000000f1300000,0x00000000f1300000,0x00000000f1e80000)
  to   space 12800K, 0% used [0x00000000f0680000,0x00000000f0680000,0x00000000f1300000)
 ParOldGen       total 87040K, used 18738K [0x00000000c0000000, 0x00000000c5500000, 0x00000000eab00000)
  object space 87040K, 21% used [0x00000000c0000000,0x00000000c124c8a8,0x00000000c5500000)
 Metaspace       used 41843K, capacity 42716K, committed 43008K, reserved 1085440K
  class space    used 5776K, capacity 6040K, committed 6144K, reserved 1048576K
Event: 10.964 GC heap after
Heap after GC invocations=13 (full 2):
 PSYoungGen      total 106496K, used 10319K [0x00000000eab00000, 0x00000000f4600000, 0x0000000100000000)
  eden space 93696K, 0% used [0x00000000eab00000,0x00000000eab00000,0x00000000f0680000)
  from space 12800K, 80% used [0x00000000f0680000,0x00000000f1093c38,0x00000000f1300000)
  to   space 13312K, 0% used [0x00000000f3900000,0x00000000f3900000,0x00000000f4600000)
 ParOldGen       total 87040K, used 18810K [0x00000000c0000000, 0x00000000c5500000, 0x00000000eab00000)
  object space 87040K, 21% used [0x00000000c0000000,0x00000000c125e8b8,0x00000000c5500000)
 Metaspace       used 41843K, capacity 42716K, committed 43008K, reserved 1085440K
  class space    used 5776K, capacity 6040K, committed 6144K, reserved 1048576K
}
Event: 12.505 GC heap before
{Heap before GC invocations=14 (full 2):
 PSYoungGen      total 106496K, used 104015K [0x00000000eab00000, 0x00000000f4600000, 0x0000000100000000)
  eden space 93696K, 100% used [0x00000000eab00000,0x00000000f0680000,0x00000000f0680000)
  from space 12800K, 80% used [0x00000000f0680000,0x00000000f1093c38,0x00000000f1300000)
  to   space 13312K, 0% used [0x00000000f3900000,0x00000000f3900000,0x00000000f4600000)
 ParOldGen       total 87040K, used 18810K [0x00000000c0000000, 0x00000000c5500000, 0x00000000eab00000)
  object space 87040K, 21% used [0x00000000c0000000,0x00000000c125e8b8,0x00000000c5500000)
 Metaspace       used 46510K, capacity 47484K, committed 47744K, reserved 1089536K
  class space    used 6487K, capacity 6739K, committed 6784K, reserved 1048576K
Event: 12.562 GC heap after
Heap after GC invocations=14 (full 2):
 PSYoungGen      total 142336K, used 13304K [0x00000000eab00000, 0x00000000f4c80000, 0x0000000100000000)
  eden space 129024K, 0% used [0x00000000eab00000,0x00000000eab00000,0x00000000f2900000)
  from space 13312K, 99% used [0x00000000f3900000,0x00000000f45fe270,0x00000000f4600000)
  to   space 16384K, 0% used [0x00000000f2900000,0x00000000f2900000,0x00000000f3900000)
 ParOldGen       total 87040K, used 22790K [0x00000000c0000000, 0x00000000c5500000, 0x00000000eab00000)
  object space 87040K, 26% used [0x00000000c0000000,0x00000000c1641a98,0x00000000c5500000)
 Metaspace       used 46510K, capacity 47484K, committed 47744K, reserved 1089536K
  class space    used 6487K, capacity 6739K, committed 6784K, reserved 1048576K
}

Deoptimization events (10 events):
Event: 12.605 Thread 0x000000005973e800 Uncommon trap: reason=class_check action=maybe_recompile pc=0x000000000327c3cc method=sun.misc.URLClassPath.findResource(Ljava/lang/String;Z)Ljava/net/URL; @ 26
Event: 12.605 Thread 0x000000005973e800 Uncommon trap: reason=class_check action=maybe_recompile pc=0x000000000327c3cc method=sun.misc.URLClassPath.findResource(Ljava/lang/String;Z)Ljava/net/URL; @ 26
Event: 12.683 Thread 0x000000005973e800 Uncommon trap: reason=bimorphic action=maybe_recompile pc=0x00000000031c04ec method=org.codehaus.groovy.util.SingleKeyHashMap.get(Ljava/lang/Object;)Ljava/lang/Object; @ 1
Event: 12.683 Thread 0x000000005973e800 Uncommon trap: reason=bimorphic action=maybe_recompile pc=0x00000000031c04ec method=org.codehaus.groovy.util.SingleKeyHashMap.get(Ljava/lang/Object;)Ljava/lang/Object; @ 1
Event: 12.683 Thread 0x000000005973e800 Uncommon trap: reason=bimorphic action=maybe_recompile pc=0x00000000031c04ec method=org.codehaus.groovy.util.SingleKeyHashMap.get(Ljava/lang/Object;)Ljava/lang/Object; @ 1
Event: 12.683 Thread 0x000000005973e800 Uncommon trap: reason=bimorphic action=maybe_recompile pc=0x00000000031c04ec method=org.codehaus.groovy.util.SingleKeyHashMap.get(Ljava/lang/Object;)Ljava/lang/Object; @ 1
Event: 12.694 Thread 0x000000005973e800 Uncommon trap: reason=unstable_if action=reinterpret pc=0x000000000346836c method=groovy.lang.MetaClassImpl.checkIfStdMethod(Lgroovy/lang/MetaMethod;)V @ 168
Event: 12.704 Thread 0x000000005973e800 Uncommon trap: reason=unstable_if action=reinterpret pc=0x00000000034655c8 method=groovy.lang.MetaClassImpl.checkIfStdMethod(Lgroovy/lang/MetaMethod;)V @ 168
Event: 12.726 Thread 0x000000005973e800 Uncommon trap: reason=unstable_if action=reinterpret pc=0x00000000032edb9c method=java.lang.Class$MethodArray.removeLessSpecifics()V @ 25
Event: 12.738 Thread 0x000000005973e800 Uncommon trap: reason=predicate action=maybe_recompile pc=0x00000000027c0430 method=org.gradle.internal.logging.text.AbstractLineChoppingStyledTextOutput.doAppend(Ljava/lang/String;)V @ 10

Internal exceptions (10 events):
Event: 12.725 Thread 0x000000005973e800 Exception <a 'java/lang/ClassNotFoundException': org/gradle/api/internal/tasks/RealizableTaskCollectionCustomizer> (0x00000000ebc57898) thrown at [C:\re\workspace\8-2-build-windows-amd64-cygwin\jdk8u102\7268\hotspot\src\share\vm\classfile\systemDictionary.ÜZD~s)@
Event: 12.726 Thread 0x000000005973e800 Implicit null exception at 0x00000000032ed81f to 0x00000000032edb81
Event: 12.729 Thread 0x000000005973e800 Exception <a 'java/lang/ClassNotFoundException': org/gradle/api/tasks/Upload_DecoratedBeanInfo> (0x00000000ebcf1648) thrown at [C:\re\workspace\8-2-build-windows-amd64-cygwin\jdk8u102\7268\hotspot\src\share\vm\classfile\systemDictionary.cpp, line 210]
Event: 12.730 Thread 0x000000005973e800 Exception <a 'java/lang/ClassNotFoundException': org/gradle/api/tasks/UploadBeanInfo> (0x00000000ebd079d0) thrown at [C:\re\workspace\8-2-build-windows-amd64-cygwin\jdk8u102\7268\hotspot\src\share\vm\classfile\systemDictionary.cpp, line 210]
Event: 12.730 Thread 0x000000005973e800 Exception <a 'java/lang/ClassNotFoundException': org/gradle/api/tasks/UploadCustomizer> (0x00000000ebd1e4d8) thrown at [C:\re\workspace\8-2-build-windows-amd64-cygwin\jdk8u102\7268\hotspot\src\share\vm\classfile\systemDictionary.cpp, line 210]
Event: 12.731 Thread 0x000000005973e800 Exception <a 'java/lang/ClassNotFoundException': org/gradle/api/tasks/Upload_DecoratedCustomizer> (0x00000000ebd4f5d0) thrown at [C:\re\workspace\8-2-build-windows-amd64-cygwin\jdk8u102\7268\hotspot\src\share\vm\classfile\systemDictionary.cpp, line 210]
Event: 12.735 Thread 0x000000005973e800 Exception <a 'java/lang/ClassNotFoundException': java/util/TreeSetBeanInfo> (0x00000000ebdbf0b0) thrown at [C:\re\workspace\8-2-build-windows-amd64-cygwin\jdk8u102\7268\hotspot\src\share\vm\classfile\systemDictionary.cpp, line 210]
Event: 12.735 Thread 0x000000005973e800 Exception <a 'java/lang/ClassNotFoundException': java/util/AbstractSetBeanInfo> (0x00000000ebdc4f00) thrown at [C:\re\workspace\8-2-build-windows-amd64-cygwin\jdk8u102\7268\hotspot\src\share\vm\classfile\systemDictionary.cpp, line 210]
Event: 12.735 Thread 0x000000005973e800 Exception <a 'java/lang/ClassNotFoundException': java/util/AbstractSetCustomizer> (0x00000000ebdcaee0) thrown at [C:\re\workspace\8-2-build-windows-amd64-cygwin\jdk8u102\7268\hotspot\src\share\vm\classfile\systemDictionary.cpp, line 210]
Event: 12.736 Thread 0x000000005973e800 Exception <a 'java/lang/ClassNotFoundException': java/util/TreeSetCustomizer> (0x00000000ebdd6290) thrown at [C:\re\workspace\8-2-build-windows-amd64-cygwin\jdk8u102\7268\hotspot\src\share\vm\classfile\systemDictionary.cpp, line 210]

Events (10 events):
Event: 12.765 loading class org/gradle/tooling/internal/consumer/versioning/ModelMapping
Event: 12.765 loading class org/gradle/tooling/internal/consumer/versioning/ModelMapping done
Event: 12.765 loading class org/gradle/tooling/internal/protocol/ModelIdentifier
Event: 12.765 loading class org/gradle/tooling/internal/protocol/ModelIdentifier done
Event: 12.765 loading class org/gradle/tooling/internal/protocol/ModelIdentifier
Event: 12.765 loading class org/gradle/tooling/internal/protocol/ModelIdentifier done
Event: 12.766 loading class com/google/common/collect/BiMap
Event: 12.766 loading class com/google/common/collect/BiMap done
Event: 12.776 loading class com/google/common/collect/HashBiMap
Event: 12.776 loading class com/google/common/collect/HashBiMap done


Dynamic libraries:
0x000000013fb90000 - 0x000000013fbc7000 	C:\Program Files\Java\jdk1.8.0_102\bin\java.exe
0x0000000077b90000 - 0x0000000077d39000 	C:\Windows\SYSTEM32\ntdll.dll
0x0000000077970000 - 0x0000000077a8f000 	C:\Windows\system32\kernel32.dll
0x000007fefdbf0000 - 0x000007fefdc5b000 	C:\Windows\system32\KERNELBASE.dll
0x000007fefdeb0000 - 0x000007fefdf8b000 	C:\Windows\system32\ADVAPI32.dll
0x000007feff820000 - 0x000007feff8bf000 	C:\Windows\system32\msvcrt.dll
0x000007feff7a0000 - 0x000007feff7bf000 	C:\Windows\SYSTEM32\sechost.dll
0x000007feff2c0000 - 0x000007feff3ed000 	C:\Windows\system32\RPCRT4.dll
0x0000000077a90000 - 0x0000000077b8a000 	C:\Windows\system32\USER32.dll
0x000007feff610000 - 0x000007feff677000 	C:\Windows\system32\GDI32.dll
0x000007feff790000 - 0x000007feff79e000 	C:\Windows\system32\LPK.dll
0x000007feff6b0000 - 0x000007feff779000 	C:\Windows\system32\USP10.dll
0x000007fefc560000 - 0x000007fefc754000 	C:\Windows\WinSxS\amd64_microsoft.windows.common-controls_6595b64144ccf1df_6.0.7601.17514_none_fa396087175ac9ac\COMCTL32.dll
0x000007fefef40000 - 0x000007fefefb1000 	C:\Windows\system32\SHLWAPI.dll
0x000007feff680000 - 0x000007feff6ae000 	C:\Windows\system32\IMM32.DLL
0x000007feff9a0000 - 0x000007feffaa9000 	C:\Windows\system32\MSCTF.dll
0x000000005bf50000 - 0x000000005c021000 	C:\Program Files\Java\jdk1.8.0_102\jre\bin\msvcr100.dll
0x0000000065e50000 - 0x00000000666ea000 	C:\Program Files\Java\jdk1.8.0_102\jre\bin\server\jvm.dll
0x000007fefaaf0000 - 0x000007fefaaf9000 	C:\Windows\system32\WSOCK32.dll
0x000007fefeef0000 - 0x000007fefef3d000 	C:\Windows\system32\WS2_32.dll
0x000007feff780000 - 0x000007feff788000 	C:\Windows\system32\NSI.dll
0x000007fefc110000 - 0x000007fefc14b000 	C:\Windows\system32\WINMM.dll
0x000007fefcc20000 - 0x000007fefcc2c000 	C:\Windows\system32\VERSION.dll
0x0000000077d50000 - 0x0000000077d57000 	C:\Windows\system32\PSAPI.DLL
0x0000000073f00000 - 0x0000000073f0f000 	C:\Program Files\Java\jdk1.8.0_102\jre\bin\verify.dll
0x0000000073ed0000 - 0x0000000073ef9000 	C:\Program Files\Java\jdk1.8.0_102\jre\bin\java.dll
0x0000000073eb0000 - 0x0000000073ec6000 	C:\Program Files\Java\jdk1.8.0_102\jre\bin\zip.dll
0x000007fefe030000 - 0x000007fefedb8000 	C:\Windows\system32\SHELL32.dll
0x000007feffc90000 - 0x000007feffe93000 	C:\Windows\system32\ole32.dll
0x000007fefdae0000 - 0x000007fefdaef000 	C:\Windows\system32\profapi.dll
0x0000000073e90000 - 0x0000000073eaa000 	C:\Program Files\Java\jdk1.8.0_102\jre\bin\net.dll
0x000007fefd310000 - 0x000007fefd365000 	C:\Windows\system32\mswsock.dll
0x000007fefd300000 - 0x000007fefd307000 	C:\Windows\System32\wship6.dll
0x0000000067620000 - 0x0000000067631000 	C:\Program Files\Java\jdk1.8.0_102\jre\bin\nio.dll
0x000007feed980000 - 0x000007feed992000 	C:\Users\Admin\.gradle\native\19\windows-amd64\native-platform.dll
0x000007fefd370000 - 0x000007fefd387000 	C:\Windows\system32\CRYPTSP.dll
0x000007fefd070000 - 0x000007fefd0b7000 	C:\Windows\system32\rsaenh.dll
0x000007fefce20000 - 0x000007fefce3e000 	C:\Windows\system32\USERENV.dll
0x000007fefd9d0000 - 0x000007fefd9df000 	C:\Windows\system32\CRYPTBASE.dll
0x000007fefa8f0000 - 0x000007fefa917000 	C:\Windows\system32\IPHLPAPI.DLL
0x000007fefa8e0000 - 0x000007fefa8eb000 	C:\Windows\system32\WINNSI.DLL
0x000007fefa170000 - 0x000007fefa181000 	C:\Windows\system32\dhcpcsvc6.DLL
0x000007fefa1f0000 - 0x000007fefa208000 	C:\Windows\system32\dhcpcsvc.DLL
0x0000000073e80000 - 0x0000000073e8d000 	C:\Program Files\Java\jdk1.8.0_102\jre\bin\management.dll
0x000007fefd970000 - 0x000007fefd9c7000 	C:\Windows\system32\apphelp.dll

VM Arguments:
jvm_args: -XX:MaxPermSize=256m -XX:+HeapDumpOnOutOfMemoryError -Xmx1024m -Dfile.encoding=windows-1252 -Duser.country=US -Duser.language=en -Duser.variant 
java_command: org.gradle.launcher.daemon.bootstrap.GradleDaemon 2.14.1
java_class_path (initial): C:\Program Files\Android\Android Studio\gradle\gradle-2.14.1\lib\gradle-launcher-2.14.1.jar
Launcher Type: SUN_STANDARD

Environment Variables:
PATH=C:\ProgramData\Oracle\Java\javapath;C:\Program Files (x86)\NVIDIA Corporation\PhysX\Common;c:\Program Files (x86)\Intel\iCLS Client\;c:\Program Files\Intel\iCLS Client\;C:\Windows\system32;C:\Windows;C:\Windows\System32\Wbem;C:\Windows\System32\WindowsPowerShell\v1.0\;C:\Program Files\Intel\Intel(R) Management Engine Components\DAL;C:\Program Files\Intel\Intel(R) Management Engine Components\IPT;C:\Program Files (x86)\Intel\Intel(R) Management Engine Components\DAL;C:\Program Files (x86)\Intel\Intel(R) Management Engine Components\IPT;C:\Program Files (x86)\Bitvise SSH Client
USERNAME=Admin
OS=Windows_NT
PROCESSOR_IDENTIFIER=Intel64 Family 6 Model 58 Stepping 9, GenuineIntel



---------------  S Y S T E M  ---------------

OS: Windows 7 , 64 bit Build 7601 (6.1.7601.17514)

CPU:total 8 (4 cores per cpu, 2 threads per core) family 6 model 58 stepping 9, cmov, cx8, fxsr, mmx, sse, sse2, sse3, ssse3, sse4.1, sse4.2, popcnt, avx, aes, clmul, erms, ht, tsc, tscinvbit, tscinv

Memory: 4k page, physical 8319552k(2205836k free), swap 16637260k(10476668k free)

vm_info: Java HotSpot(TM) 64-Bit Server VM (25.102-b14) for windows-amd64 JRE (1.8.0_102-b14), built on Jun 22 2016 13:15:21 by "java_re" with MS VC++ 10.0 (VS2010)

time: Fri Aug 26 22:29:47 2016
elapsed time: 12 seconds (0d 0h 0m 12s)

