#
# A fatal error has been detected by the Java Runtime Environment:
#
#  EXCEPTION_ACCESS_VIOLATION (0xc0000005) at pc=0x0000000002964251, pid=6668, tid=0x0000000000001810
#
# JRE version: Java(TM) SE Runtime Environment (8.0_102-b14) (build 1.8.0_102-b14)
# Java VM: Java HotSpot(TM) 64-Bit Server VM (25.102-b14 mixed mode windows-amd64 compressed oops)
# Problematic frame:
# J 4224 C2 com.android.dx.dex.code.LocalList$MakeState.snapshot(ILcom/android/dx/rop/code/RegisterSpecSet;)V (110 bytes) @ 0x0000000002964251 [0x0000000002963a60+0x7f1]
#
# Failed to write core dump. Minidumps are not enabled by default on client versions of Windows
#
# If you would like to submit a bug report, please visit:
#   http://bugreport.java.com/bugreport/crash.jsp
#

---------------  T H R E A D  ---------------

Current thread (0x0000000021af9800):  JavaThread "pool-1-thread-2" [_thread_in_Java, id=6160, stack(0x0000000025530000,0x0000000025630000)]

siginfo: ExceptionCode=0xc0000005, reading address 0x0000000000000410

Registers:
RAX=0x0000000000000000, RBX=0x0000000000000006, RCX=0x0000000000000006, RDX=0x0000000782ca1700
RSP=0x000000002562ef20, RBP=0x0000000000000000, RSI=0x00000006fcd38c08, RDI=0x0000000782cceaf8
R8 =0x00000000f0599d55, R9 =0x0000000000000000, R10=0x0000000000000080, R11=0x0000000000000000
R12=0x0000000000000000, R13=0x0000000782ca1700, R14=0x0000000782ccead0, R15=0x0000000021af9800
RIP=0x0000000002964251, EFLAGS=0x0000000000010202

Top of Stack: (sp=0x000000002562ef20)
0x000000002562ef20:   00000007c00117a8 0000000000005a6b
0x000000002562ef30:   0000000000005a6b 0000000021af9800
0x000000002562ef40:   0000000782ca1700 0000000000000006
0x000000002562ef50:   00000007c0084f40 0000000000000000
0x000000002562ef60:   0000000000001135 0000000021af9800
0x000000002562ef70:   0000000782c47028 000000006c7051b1
0x000000002562ef80:   00000007c00117a8 00000006fd26f0f8
0x000000002562ef90:   0000000782ccea90 000000000000b4d1
0x000000002562efa0:   0000000000000000 000000006c71b432
0x000000002562efb0:   0000000782c47028 000000006c6bf6d1
0x000000002562efc0:   0000000000000001 0000000000000001
0x000000002562efd0:   ffffffff0000b4d1 000000000000b4d0
0x000000002562efe0:   0000000000000000 00000007c00117a8
0x000000002562eff0:   00000000dfa4de1f 00000000025a7a60
0x000000002562f000:   00003ae30000b4d1 000000000000b4d1
0x000000002562f010:   0000000782c428f0 0000000782ca1700 

Instructions: (pc=0x0000000002964251)
0x0000000002964231:   8b 54 8a 10 45 85 d2 0f 84 06 f9 ff ff 44 89 5c
0x0000000002964241:   24 38 44 89 4c 24 2c 89 5c 24 28 4c 89 6c 24 20
0x0000000002964251:   47 8b 5c d4 10 4b 8d 2c d4 44 89 54 24 3c 49 8b
0x0000000002964261:   d3 48 c1 e2 03 66 66 90 48 b8 f0 c1 06 c0 07 00 


Register to memory mapping:

RAX=0x0000000000000000 is an unknown value
RBX=0x0000000000000006 is an unknown value
RCX=0x0000000000000006 is an unknown value
RDX=0x0000000782ca1700 is an oop
com.android.dx.dex.code.LocalList$MakeState 
 - klass: 'com/android/dx/dex/code/LocalList$MakeState'
RSP=0x000000002562ef20 is pointing into the stack for thread: 0x0000000021af9800
RBP=0x0000000000000000 is an unknown value
RSI=0x00000006fcd38c08 is an oop
com.android.dx.dex.code.CodeAddress 
 - klass: 'com/android/dx/dex/code/CodeAddress'
RDI=0x0000000782cceaf8 is an oop

[error occurred during error reporting (printing register info), id 0xc0000005]

Stack: [0x0000000025530000,0x0000000025630000],  sp=0x000000002562ef20,  free space=1019k
Native frames: (J=compiled Java code, j=interpreted, Vv=VM code, C=native code)


---------------  P R O C E S S  ---------------

Java Threads: ( => current thread )
=>0x0000000021af9800 JavaThread "pool-1-thread-2" [_thread_in_Java, id=6160, stack(0x0000000025530000,0x0000000025630000)]
  0x000000001d461000 JavaThread "Service Thread" daemon [_thread_blocked, id=6092, stack(0x000000001f290000,0x000000001f390000)]
  0x000000001d3f5000 JavaThread "C1 CompilerThread3" daemon [_thread_blocked, id=652, stack(0x000000001f100000,0x000000001f200000)]
  0x000000001d3c6800 JavaThread "C2 CompilerThread2" daemon [_thread_blocked, id=6496, stack(0x000000001ee90000,0x000000001ef90000)]
  0x000000001d3c0800 JavaThread "C2 CompilerThread1" daemon [_thread_blocked, id=6428, stack(0x000000001ed40000,0x000000001ee40000)]
  0x000000001d3d0000 JavaThread "C2 CompilerThread0" daemon [_thread_blocked, id=6220, stack(0x000000001eb00000,0x000000001ec00000)]
  0x000000001d3cf000 JavaThread "Attach Listener" daemon [_thread_blocked, id=1428, stack(0x000000001e8e0000,0x000000001e9e0000)]
  0x000000001d3ce000 JavaThread "Signal Dispatcher" daemon [_thread_blocked, id=4656, stack(0x000000001e740000,0x000000001e840000)]
  0x000000001c203800 JavaThread "Finalizer" daemon [_thread_blocked, id=7112, stack(0x000000001e5a0000,0x000000001e6a0000)]
  0x000000001c1fc800 JavaThread "Reference Handler" daemon [_thread_blocked, id=7164, stack(0x000000001e410000,0x000000001e510000)]
  0x0000000001eae000 JavaThread "main" [_thread_blocked, id=6648, stack(0x00000000020a0000,0x00000000021a0000)]

Other Threads:
  0x000000001d373000 VMThread [stack: 0x00000000125a0000,0x00000000126a0000] [id=5148]
  0x000000001d475800 WatcherThread [stack: 0x000000001f420000,0x000000001f520000] [id=2144]

VM state:not at safepoint (normal execution)

VM Mutex/Monitor currently owned by a thread: None

Heap:
 PSYoungGen      total 541696K, used 471547K [0x000000076ab00000, 0x00000007bf100000, 0x00000007c0000000)
  eden space 465920K, 85% used [0x000000076ab00000,0x0000000782df87c0,0x0000000787200000)
  from space 75776K, 99% used [0x0000000787200000,0x000000078bb867f0,0x000000078bc00000)
  to   space 458240K, 0% used [0x00000007a3180000,0x00000007a3180000,0x00000007bf100000)
 ParOldGen       total 1466880K, used 1197712K [0x00000006c0000000, 0x0000000719880000, 0x000000076ab00000)
  object space 1466880K, 81% used [0x00000006c0000000,0x00000007091a4368,0x0000000719880000)
 Metaspace       used 7550K, capacity 7896K, committed 8192K, reserved 1056768K
  class space    used 687K, capacity 720K, committed 768K, reserved 1048576K

Card table byte_map: [0x0000000011830000,0x0000000012040000] byte_map_base: 0x000000000e230000

Marking Bits: (ParMarkBitMap*) 0x000000006ce2a6c0
 Begin Bits: [0x0000000013010000, 0x0000000017010000)
 End Bits:   [0x0000000017010000, 0x000000001b010000)

Polling page: 0x0000000000320000

CodeCache: size=245760Kb used=16250Kb max_used=16370Kb free=229509Kb
 bounds [0x0000000002470000, 0x00000000034a0000, 0x0000000011470000]
 total_blobs=3670 nmethods=3393 adapters=189
 compilation: enabled

Compilation events (10 events):
Event: 51.663 Thread 0x000000001d3c6800 5049       4       com.android.dx.dex.code.CatchHandlerList::compareTo (89 bytes)
Event: 51.667 Thread 0x000000001d3f5000 5050       3       com.android.dx.dex.code.ArrayData::withRegisters (24 bytes)
Event: 51.667 Thread 0x000000001d3f5000 nmethod 5050 0x0000000002b5e390 code [0x0000000002b5e500, 0x0000000002b5e7a8]
Event: 51.668 Thread 0x000000001d3c6800 nmethod 5049 0x0000000002c2b050 code [0x0000000002c2b1c0, 0x0000000002c2b578]
Event: 51.780 Thread 0x000000001d3c0800 5051       4       com.android.dex.Leb128::writeSignedLeb128 (83 bytes)
Event: 51.785 Thread 0x000000001d3c0800 nmethod 5051 0x0000000002d59e10 code [0x0000000002d59f60, 0x0000000002d5a398]
Event: 51.890 Thread 0x000000001d3d0000 5052       4       com.android.dx.dex.code.CatchHandlerList::compareTo (9 bytes)
Event: 51.895 Thread 0x000000001d3d0000 nmethod 5052 0x00000000028bf850 code [0x00000000028bf9c0, 0x00000000028bfdd8]
Event: 51.999 Thread 0x000000001d3c6800 5053       4       com.android.dx.dex.code.StdCatchBuilder::makeEntry (33 bytes)
Event: 52.002 Thread 0x000000001d3c6800 nmethod 5053 0x00000000028bf090 code [0x00000000028bf200, 0x00000000028bf458]

GC Heap History (10 events):
Event: 47.563 GC heap before
{Heap before GC invocations=40 (full 7):
 PSYoungGen      total 931840K, used 633421K [0x000000076ab00000, 0x00000007c0000000, 0x00000007c0000000)
  eden space 465920K, 100% used [0x000000076ab00000,0x0000000787200000,0x0000000787200000)
  from space 465920K, 35% used [0x00000007a3900000,0x00000007adc93798,0x00000007c0000000)
  to   space 465920K, 0% used [0x0000000787200000,0x0000000787200000,0x00000007a3900000)
 ParOldGen       total 1466880K, used 889554K [0x00000006c0000000, 0x0000000719880000, 0x000000076ab00000)
  object space 1466880K, 60% used [0x00000006c0000000,0x00000006f64b4928,0x0000000719880000)
 Metaspace       used 7545K, capacity 7896K, committed 8192K, reserved 1056768K
  class space    used 686K, capacity 720K, committed 768K, reserved 1048576K
Event: 47.665 GC heap after
Heap after GC invocations=40 (full 7):
 PSYoungGen      total 931840K, used 117142K [0x000000076ab00000, 0x00000007c0000000, 0x00000007c0000000)
  eden space 465920K, 0% used [0x000000076ab00000,0x000000076ab00000,0x0000000787200000)
  from space 465920K, 25% used [0x0000000787200000,0x000000078e465a68,0x00000007a3900000)
  to   space 465920K, 0% used [0x00000007a3900000,0x00000007a3900000,0x00000007c0000000)
 ParOldGen       total 1466880K, used 955496K [0x00000006c0000000, 0x0000000719880000, 0x000000076ab00000)
  object space 1466880K, 65% used [0x00000006c0000000,0x00000006fa51a1a8,0x0000000719880000)
 Metaspace       used 7545K, capacity 7896K, committed 8192K, reserved 1056768K
  class space    used 686K, capacity 720K, committed 768K, reserved 1048576K
}
Event: 48.165 GC heap before
{Heap before GC invocations=41 (full 7):
 PSYoungGen      total 931840K, used 583062K [0x000000076ab00000, 0x00000007c0000000, 0x00000007c0000000)
  eden space 465920K, 100% used [0x000000076ab00000,0x0000000787200000,0x0000000787200000)
  from space 465920K, 25% used [0x0000000787200000,0x000000078e465a68,0x00000007a3900000)
  to   space 465920K, 0% used [0x00000007a3900000,0x00000007a3900000,0x00000007c0000000)
 ParOldGen       total 1466880K, used 955496K [0x00000006c0000000, 0x0000000719880000, 0x000000076ab00000)
  object space 1466880K, 65% used [0x00000006c0000000,0x00000006fa51a1a8,0x0000000719880000)
 Metaspace       used 7546K, capacity 7896K, committed 8192K, reserved 1056768K
  class space    used 686K, capacity 720K, committed 768K, reserved 1048576K
Event: 48.234 GC heap after
Heap after GC invocations=41 (full 7):
 PSYoungGen      total 931840K, used 66461K [0x000000076ab00000, 0x00000007c0000000, 0x00000007c0000000)
  eden space 465920K, 0% used [0x000000076ab00000,0x000000076ab00000,0x0000000787200000)
  from space 465920K, 14% used [0x00000007a3900000,0x00000007a79e76f0,0x00000007c0000000)
  to   space 465920K, 0% used [0x0000000787200000,0x0000000787200000,0x00000007a3900000)
 ParOldGen       total 1466880K, used 992743K [0x00000006c0000000, 0x0000000719880000, 0x000000076ab00000)
  object space 1466880K, 67% used [0x00000006c0000000,0x00000006fc979c48,0x0000000719880000)
 Metaspace       used 7546K, capacity 7896K, committed 8192K, reserved 1056768K
  class space    used 686K, capacity 720K, committed 768K, reserved 1048576K
}
Event: 48.755 GC heap before
{Heap before GC invocations=42 (full 7):
 PSYoungGen      total 931840K, used 532381K [0x000000076ab00000, 0x00000007c0000000, 0x00000007c0000000)
  eden space 465920K, 100% used [0x000000076ab00000,0x0000000787200000,0x0000000787200000)
  from space 465920K, 14% used [0x00000007a3900000,0x00000007a79e76f0,0x00000007c0000000)
  to   space 465920K, 0% used [0x0000000787200000,0x0000000787200000,0x00000007a3900000)
 ParOldGen       total 1466880K, used 992743K [0x00000006c0000000, 0x0000000719880000, 0x000000076ab00000)
  object space 1466880K, 67% used [0x00000006c0000000,0x00000006fc979c48,0x0000000719880000)
 Metaspace       used 7546K, capacity 7896K, committed 8192K, reserved 1056768K
  class space    used 686K, capacity 720K, committed 768K, reserved 1048576K
Event: 48.847 GC heap after
Heap after GC invocations=42 (full 7):
 PSYoungGen      total 931840K, used 74332K [0x000000076ab00000, 0x00000007c0000000, 0x00000007c0000000)
  eden space 465920K, 0% used [0x000000076ab00000,0x000000076ab00000,0x0000000787200000)
  from space 465920K, 15% used [0x0000000787200000,0x000000078ba97260,0x00000007a3900000)
  to   space 465920K, 0% used [0x00000007a3900000,0x00000007a3900000,0x00000007c0000000)
 ParOldGen       total 1466880K, used 1057561K [0x00000006c0000000, 0x0000000719880000, 0x000000076ab00000)
  object space 1466880K, 72% used [0x00000006c0000000,0x00000007008c6670,0x0000000719880000)
 Metaspace       used 7546K, capacity 7896K, committed 8192K, reserved 1056768K
  class space    used 686K, capacity 720K, committed 768K, reserved 1048576K
}
Event: 49.364 GC heap before
{Heap before GC invocations=43 (full 7):
 PSYoungGen      total 931840K, used 540252K [0x000000076ab00000, 0x00000007c0000000, 0x00000007c0000000)
  eden space 465920K, 100% used [0x000000076ab00000,0x0000000787200000,0x0000000787200000)
  from space 465920K, 15% used [0x0000000787200000,0x000000078ba97260,0x00000007a3900000)
  to   space 465920K, 0% used [0x00000007a3900000,0x00000007a3900000,0x00000007c0000000)
 ParOldGen       total 1466880K, used 1057561K [0x00000006c0000000, 0x0000000719880000, 0x000000076ab00000)
  object space 1466880K, 72% used [0x00000006c0000000,0x00000007008c6670,0x0000000719880000)
 Metaspace       used 7547K, capacity 7896K, committed 8192K, reserved 1056768K
  class space    used 687K, capacity 720K, committed 768K, reserved 1048576K
Event: 49.457 GC heap after
Heap after GC invocations=43 (full 7):
 PSYoungGen      total 931840K, used 70670K [0x000000076ab00000, 0x00000007c0000000, 0x00000007c0000000)
  eden space 465920K, 0% used [0x000000076ab00000,0x000000076ab00000,0x0000000787200000)
  from space 465920K, 15% used [0x00000007a3900000,0x00000007a7e038a8,0x00000007c0000000)
  to   space 465920K, 0% used [0x0000000787200000,0x0000000787200000,0x00000007a3900000)
 ParOldGen       total 1466880K, used 1129200K [0x00000006c0000000, 0x0000000719880000, 0x000000076ab00000)
  object space 1466880K, 76% used [0x00000006c0000000,0x0000000704ebc258,0x0000000719880000)
 Metaspace       used 7547K, capacity 7896K, committed 8192K, reserved 1056768K
  class space    used 687K, capacity 720K, committed 768K, reserved 1048576K
}
Event: 49.951 GC heap before
{Heap before GC invocations=44 (full 7):
 PSYoungGen      total 931840K, used 536590K [0x000000076ab00000, 0x00000007c0000000, 0x00000007c0000000)
  eden space 465920K, 100% used [0x000000076ab00000,0x0000000787200000,0x0000000787200000)
  from space 465920K, 15% used [0x00000007a3900000,0x00000007a7e038a8,0x00000007c0000000)
  to   space 465920K, 0% used [0x0000000787200000,0x0000000787200000,0x00000007a3900000)
 ParOldGen       total 1466880K, used 1129200K [0x00000006c0000000, 0x0000000719880000, 0x000000076ab00000)
  object space 1466880K, 76% used [0x00000006c0000000,0x0000000704ebc258,0x0000000719880000)
 Metaspace       used 7547K, capacity 7896K, committed 8192K, reserved 1056768K
  class space    used 687K, capacity 720K, committed 768K, reserved 1048576K
Event: 50.042 GC heap after
Heap after GC invocations=44 (full 7):
 PSYoungGen      total 541696K, used 75289K [0x000000076ab00000, 0x00000007bf100000, 0x00000007c0000000)
  eden space 465920K, 0% used [0x000000076ab00000,0x000000076ab00000,0x0000000787200000)
  from space 75776K, 99% used [0x0000000787200000,0x000000078bb867f0,0x000000078bc00000)
  to   space 458240K, 0% used [0x00000007a3180000,0x00000007a3180000,0x00000007bf100000)
 ParOldGen       total 1466880K, used 1197712K [0x00000006c0000000, 0x0000000719880000, 0x000000076ab00000)
  object space 1466880K, 81% used [0x00000006c0000000,0x00000007091a4368,0x0000000719880000)
 Metaspace       used 7547K, capacity 7896K, committed 8192K, reserved 1056768K
  class space    used 687K, capacity 720K, committed 768K, reserved 1048576K
}

Deoptimization events (10 events):
Event: 50.349 Thread 0x0000000021afa000 Uncommon trap: reason=bimorphic action=maybe_recompile pc=0x0000000003106d30 method=java.util.concurrent.FutureTask.run()V @ 42
Event: 50.350 Thread 0x0000000021afa000 Uncommon trap: reason=class_check action=maybe_recompile pc=0x0000000002c6716c method=com.android.dx.dex.file.UniformItemSection.prepare0()V @ 13
Event: 50.379 Thread 0x0000000021afa000 Uncommon trap: reason=unstable_if action=reinterpret pc=0x0000000003219290 method=com.android.dx.rop.cst.CstType.getDescriptor()Lcom/android/dx/rop/cst/CstString; @ 4
Event: 50.381 Thread 0x0000000021afa000 Uncommon trap: reason=class_check action=maybe_recompile pc=0x0000000002c6716c method=com.android.dx.dex.file.UniformItemSection.prepare0()V @ 13
Event: 50.427 Thread 0x0000000021afa000 Uncommon trap: reason=class_check action=maybe_recompile pc=0x00000000028feab8 method=com.android.dx.dex.file.MapItem.addMap([Lcom/android/dx/dex/file/Section;Lcom/android/dx/dex/file/MixedItemSection;)V @ 94
Event: 50.427 Thread 0x0000000021afa000 Uncommon trap: reason=class_check action=maybe_recompile pc=0x00000000028feab8 method=com.android.dx.dex.file.MapItem.addMap([Lcom/android/dx/dex/file/Section;Lcom/android/dx/dex/file/MixedItemSection;)V @ 94
Event: 50.427 Thread 0x0000000021afa000 Uncommon trap: reason=class_check action=maybe_recompile pc=0x00000000028feab8 method=com.android.dx.dex.file.MapItem.addMap([Lcom/android/dx/dex/file/Section;Lcom/android/dx/dex/file/MixedItemSection;)V @ 94
Event: 50.427 Thread 0x0000000021afa000 Uncommon trap: reason=class_check action=maybe_recompile pc=0x00000000028feab8 method=com.android.dx.dex.file.MapItem.addMap([Lcom/android/dx/dex/file/Section;Lcom/android/dx/dex/file/MixedItemSection;)V @ 94
Event: 50.428 Thread 0x0000000021afa000 Uncommon trap: reason=class_check action=maybe_recompile pc=0x00000000025e6a88 method=com.android.dx.dex.file.UniformItemSection.writeTo0(Lcom/android/dx/util/AnnotatedOutput;)V @ 14
Event: 50.432 Thread 0x0000000021afa000 Uncommon trap: reason=class_check action=maybe_recompile pc=0x00000000025e6a88 method=com.android.dx.dex.file.UniformItemSection.writeTo0(Lcom/android/dx/util/AnnotatedOutput;)V @ 14

Internal exceptions (10 events):
Event: 1.045 Thread 0x000000001f70d800 Exception <a 'java/lang/ArrayIndexOutOfBoundsException': 40> (0x00000007702524f8) thrown at [C:\re\workspace\8-2-build-windows-amd64-cygwin\jdk8u102\7268\hotspot\src\share\vm\interpreter\interpreterRuntime.cpp, line 366]
Event: 4.580 Thread 0x0000000001eae000 Implicit null exception at 0x00000000025d1e54 to 0x00000000025d2805
Event: 17.211 Thread 0x000000001f5fe000 Implicit null exception at 0x0000000003293293 to 0x0000000003298599
Event: 29.108 Thread 0x000000001f5fe000 Implicit null exception at 0x000000000265ff8c to 0x000000000266008a
Event: 32.349 Thread 0x000000001f70d800 Implicit null exception at 0x00000000030be0bc to 0x00000000030be685
Event: 32.907 Thread 0x0000000020983800 Implicit null exception at 0x00000000034407bb to 0x0000000003441cff
Event: 41.999 Thread 0x0000000020983800 Implicit null exception at 0x0000000002c9a63d to 0x0000000002c9bd61
Event: 48.028 Thread 0x000000001f70d800 Implicit null exception at 0x000000000320a7ec to 0x000000000320a80e
Event: 49.746 Thread 0x000000001f5fe000 Implicit null exception at 0x0000000002b207c2 to 0x0000000002b224b5
Event: 52.182 Thread 0x0000000021af9800 Implicit null exception at 0x0000000002964251 to 0x0000000000000000

Events (10 events):
Event: 50.440 Thread 0x0000000021afa000 DEOPT UNPACKING pc=0x00000000024b787f sp=0x000000001ed1eb50 mode 0
Event: 50.442 Executing VM operation: RevokeBias
Event: 50.442 Executing VM operation: RevokeBias done
Event: 50.442 Executing VM operation: RevokeBias
Event: 50.442 Executing VM operation: RevokeBias done
Event: 50.444 Executing VM operation: RevokeBias
Event: 50.444 Executing VM operation: RevokeBias done
Event: 50.444 Thread 0x0000000021afa000 Thread exited: 0x0000000021afa000
Event: 50.991 Thread 0x0000000021af9800 DEOPT PACKING pc=0x0000000002bc4d06 sp=0x000000002562f060
Event: 50.991 Thread 0x0000000021af9800 DEOPT UNPACKING pc=0x00000000024b787f sp=0x000000002562edb0 mode 0


Dynamic libraries:
0x000000013f710000 - 0x000000013f747000 	C:\Program Files\Java\jdk1.8.0_102\bin\java.exe
0x0000000076ff0000 - 0x0000000077199000 	C:\Windows\SYSTEM32\ntdll.dll
0x0000000076dd0000 - 0x0000000076eef000 	C:\Windows\system32\kernel32.dll
0x000007fefd0b0000 - 0x000007fefd11b000 	C:\Windows\system32\KERNELBASE.dll
0x000007fefd310000 - 0x000007fefd3eb000 	C:\Windows\system32\ADVAPI32.dll
0x000007fefd8b0000 - 0x000007fefd94f000 	C:\Windows\system32\msvcrt.dll
0x000007fefedd0000 - 0x000007fefedef000 	C:\Windows\SYSTEM32\sechost.dll
0x000007fefec20000 - 0x000007fefed4d000 	C:\Windows\system32\RPCRT4.dll
0x0000000076ef0000 - 0x0000000076fea000 	C:\Windows\system32\USER32.dll
0x000007fefd840000 - 0x000007fefd8a7000 	C:\Windows\system32\GDI32.dll
0x000007feff2f0000 - 0x000007feff2fe000 	C:\Windows\system32\LPK.dll
0x000007fefef20000 - 0x000007fefefe9000 	C:\Windows\system32\USP10.dll
0x000007fefb760000 - 0x000007fefb954000 	C:\Windows\WinSxS\amd64_microsoft.windows.common-controls_6595b64144ccf1df_6.0.7601.17514_none_fa396087175ac9ac\COMCTL32.dll
0x000007fefed50000 - 0x000007fefedc1000 	C:\Windows\system32\SHLWAPI.dll
0x000007fefd9d0000 - 0x000007fefd9fe000 	C:\Windows\system32\IMM32.DLL
0x000007fefedf0000 - 0x000007fefeef9000 	C:\Windows\system32\MSCTF.dll
0x000000006e730000 - 0x000000006e801000 	C:\Program Files\Java\jdk1.8.0_102\jre\bin\msvcr100.dll
0x000000006c610000 - 0x000000006ceaa000 	C:\Program Files\Java\jdk1.8.0_102\jre\bin\server\jvm.dll
0x000007fef9340000 - 0x000007fef9349000 	C:\Windows\system32\WSOCK32.dll
0x000007fefeff0000 - 0x000007feff03d000 	C:\Windows\system32\WS2_32.dll
0x000007fefd650000 - 0x000007fefd658000 	C:\Windows\system32\NSI.dll
0x000007fefb640000 - 0x000007fefb67b000 	C:\Windows\system32\WINMM.dll
0x000007fefbea0000 - 0x000007fefbeac000 	C:\Windows\system32\VERSION.dll
0x00000000771b0000 - 0x00000000771b7000 	C:\Windows\system32\PSAPI.DLL
0x0000000073aa0000 - 0x0000000073aaf000 	C:\Program Files\Java\jdk1.8.0_102\jre\bin\verify.dll
0x0000000073990000 - 0x00000000739b9000 	C:\Program Files\Java\jdk1.8.0_102\jre\bin\java.dll
0x0000000073a80000 - 0x0000000073a96000 	C:\Program Files\Java\jdk1.8.0_102\jre\bin\zip.dll
0x000007fefda00000 - 0x000007fefe788000 	C:\Windows\system32\SHELL32.dll
0x000007fefe790000 - 0x000007fefe993000 	C:\Windows\system32\ole32.dll
0x000007fefcf40000 - 0x000007fefcf4f000 	C:\Windows\system32\profapi.dll

VM Arguments:
jvm_args: -Djava.awt.headless=true -Xmx4g -Dfile.encoding=windows-1252 -Duser.country=US -Duser.language=en -Duser.variant 
java_command: com.android.dx.command.Main --dex --num-threads=4 --multi-dex --main-dex-list E:\customermanager-master\customermanager-master\Pencel\app\build\intermediates\multi-dex\debug\maindexlist.txt --output E:\customermanager-master\customermanager-master\Pencel\app\build\intermediates\transforms\dex\debug\folders\1000\1f\main E:\customermanager-master\customermanager-master\Pencel\app\build\intermediates\transforms\jarMerging\debug\jars\1\1f\combined.jar
java_class_path (initial): C:\Users\Admin\AppData\Local\Android\sdk\build-tools\24.0.1\lib\dx.jar
Launcher Type: SUN_STANDARD

Environment Variables:
PATH=C:\Program Files\Common Files\Microsoft Shared\Windows Live;C:\ProgramData\Oracle\Java\javapath;C:\Program Files (x86)\NVIDIA Corporation\PhysX\Common;c:\Program Files (x86)\Intel\iCLS Client\;c:\Program Files\Intel\iCLS Client\;C:\Windows\system32;C:\Windows;C:\Windows\System32\Wbem;C:\Windows\System32\WindowsPowerShell\v1.0\;C:\Program Files\Intel\Intel(R) Management Engine Components\DAL;C:\Program Files\Intel\Intel(R) Management Engine Components\IPT;C:\Program Files (x86)\Intel\Intel(R) Management Engine Components\DAL;C:\Program Files (x86)\Intel\Intel(R) Management Engine Components\IPT;C:\Program Files (x86)\Bitvise SSH Client;C:\Program Files\Intel\WiFi\bin\;C:\Program Files\Common Files\Intel\WirelessCommon\%ADB%\bin;.;C:\Program Files\Common Files\Microsoft Shared\Windows Live;C:\Program Files\Intel\WiFi\bin\;C:\Program Files\Common Files\Intel\WirelessCommon\
USERNAME=Admin
OS=Windows_NT
PROCESSOR_IDENTIFIER=Intel64 Family 6 Model 58 Stepping 9, GenuineIntel



---------------  S Y S T E M  ---------------

OS: Windows 7 , 64 bit Build 7601 (6.1.7601.17514)

CPU:total 8 (4 cores per cpu, 2 threads per core) family 6 model 58 stepping 9, cmov, cx8, fxsr, mmx, sse, sse2, sse3, ssse3, sse4.1, sse4.2, popcnt, avx, aes, clmul, erms, ht, tsc, tscinvbit, tscinv

Memory: 4k page, physical 8319552k(861508k free), swap 16637260k(7821496k free)

vm_info: Java HotSpot(TM) 64-Bit Server VM (25.102-b14) for windows-amd64 JRE (1.8.0_102-b14), built on Jun 22 2016 13:15:21 by "java_re" with MS VC++ 10.0 (VS2010)

time: Tue Sep 06 16:49:32 2016
elapsed time: 52 seconds (0d 0h 0m 52s)

