#
# A fatal error has been detected by the Java Runtime Environment:
#
#  EXCEPTION_ACCESS_VIOLATION (0xc0000005) at pc=0x0000000002594a1c, pid=1252, tid=0x0000000000001134
#
# JRE version: Java(TM) SE Runtime Environment (8.0_102-b14) (build 1.8.0_102-b14)
# Java VM: Java HotSpot(TM) 64-Bit Server VM (25.102-b14 mixed mode windows-amd64 compressed oops)
# Problematic frame:
# j  com.android.dx.rop.annotation.Annotation.compareTo(Lcom/android/dx/rop/annotation/Annotation;)I+43
#
# Failed to write core dump. Minidumps are not enabled by default on client versions of Windows
#
# If you would like to submit a bug report, please visit:
#   http://bugreport.java.com/bugreport/crash.jsp
#

---------------  T H R E A D  ---------------

Current thread (0x0000000001ffe000):  JavaThread "main" [_thread_in_Java, id=4404, stack(0x00000000021a0000,0x00000000022a0000)]

siginfo: ExceptionCode=0xc0000005, reading address 0x00000002ba11c4a8

Registers:
RAX=0x0000000014ad5688, RBX=0x0000000000000005, RCX=0x00000000ecbd9b10, RDX=0x0000000014b1c118
RSP=0x000000000229ee78, RBP=0x000000000229eec8, RSI=0x0000000054ddf058, RDI=0x0000000000000108
R8 =0x000000000000003b, R9 =0x000000000000001a, R10=0x0000000065e1c070, R11=0x00000000029c61a0
R12=0x0000000000000000, R13=0x00000002ba11c4a8, R14=0x000000000229ef08, R15=0x0000000001ffe000
RIP=0x0000000002594a1c, EFLAGS=0x0000000000010246

Top of Stack: (sp=0x000000000229ee78)
0x000000000229ee78:   0000000002578190 00000000ecbd9b10
0x000000000229ee88:   000000000229ee88 0000000054f52efb
0x000000000229ee98:   000000000229ef08 0000000054f53e40
0x000000000229eea8:   0000000000000000 0000000054f52fd0
0x000000000229eeb8:   0000000000000000 000000000229ef00
0x000000000229eec8:   000000000229ef50 0000000002577d80
0x000000000229eed8:   0000000000000000 0000000000000000
0x000000000229eee8:   0000000000000000 0000000000000000
0x000000000229eef8:   0000000000000000 00000000ebd4b5f8
0x000000000229ef08:   00000000ecbd9ac0 000000000229ef10
0x000000000229ef18:   0000000054f4e04e 000000000229ef90
0x000000000229ef28:   0000000054f4e760 0000000000000000
0x000000000229ef38:   0000000054f4e0e0 000000000229ef00
0x000000000229ef48:   000000000229ef88 000000000229efd8
0x000000000229ef58:   0000000002577d80 0000000000000000
0x000000000229ef68:   00000000ebd4b5f8 00000000ecbd9ac0 

Instructions: (pc=0x0000000002594a1c)
0x00000000025949fc:   00 4d 89 75 18 49 83 c5 30 4c 89 6d e0 44 8b aa
0x0000000002594a0c:   20 01 00 00 4e 8d ac ea b8 01 00 00 48 8d 14 da
0x0000000002594a1c:   49 8b 5d 00 48 3b c3 74 16 48 85 db 0f 84 e2 02
0x0000000002594a2c:   00 00 49 83 c5 10 49 8b 5d 00 48 3b c3 75 ea 45 


Register to memory mapping:

RAX=0x0000000014ad5688 is pointing into metadata
RBX=0x0000000000000005 is an unknown value
RCX=0x00000000ecbd9b10 is an oop

[error occurred during error reporting (printing register info), id 0xc0000005]

Stack: [0x00000000021a0000,0x00000000022a0000],  sp=0x000000000229ee78,  free space=1019k
Native frames: (J=compiled Java code, j=interpreted, Vv=VM code, C=native code)
C  0x0000000002594a1c


---------------  P R O C E S S  ---------------

Java Threads: ( => current thread )
  0x0000000056608000 JavaThread "Service Thread" daemon [_thread_blocked, id=6400, stack(0x0000000058110000,0x0000000058210000)]
  0x00000000554bf000 JavaThread "C1 CompilerThread3" daemon [_thread_blocked, id=6668, stack(0x0000000057ff0000,0x00000000580f0000)]
  0x00000000554bd000 JavaThread "C2 CompilerThread2" daemon [_thread_blocked, id=2480, stack(0x0000000057dd0000,0x0000000057ed0000)]
  0x0000000056568000 JavaThread "C2 CompilerThread1" daemon [_thread_blocked, id=3128, stack(0x0000000057ca0000,0x0000000057da0000)]
  0x0000000056564000 JavaThread "C2 CompilerThread0" daemon [_thread_blocked, id=5888, stack(0x0000000057b80000,0x0000000057c80000)]
  0x0000000056560800 JavaThread "Attach Listener" daemon [_thread_blocked, id=4676, stack(0x00000000577a0000,0x00000000578a0000)]
  0x000000005655f800 JavaThread "Signal Dispatcher" daemon [_thread_blocked, id=4380, stack(0x0000000057a60000,0x0000000057b60000)]
  0x00000000554af800 JavaThread "Finalizer" daemon [_thread_blocked, id=6752, stack(0x0000000057920000,0x0000000057a20000)]
  0x00000000554a8800 JavaThread "Reference Handler" daemon [_thread_blocked, id=4444, stack(0x0000000057690000,0x0000000057790000)]
=>0x0000000001ffe000 JavaThread "main" [_thread_in_Java, id=4404, stack(0x00000000021a0000,0x00000000022a0000)]

Other Threads:
  0x0000000056510800 VMThread [stack: 0x0000000057510000,0x0000000057610000] [id=4344]
  0x0000000056630800 WatcherThread [stack: 0x0000000058350000,0x0000000058450000] [id=6040]

VM state:synchronizing (normal execution)

VM Mutex/Monitor currently owned by a thread:  ([mutex/lock_event])
[0x0000000001ffc570] Safepoint_lock - owner thread: 0x0000000056510800
[0x0000000001ffc5f0] Threads_lock - owner thread: 0x0000000056510800

Heap:
 PSYoungGen      total 38400K, used 36300K [0x00000000eab00000, 0x00000000ef600000, 0x0000000100000000)
  eden space 33280K, 93% used [0x00000000eab00000,0x00000000ec979598,0x00000000ecb80000)
  from space 5120K, 99% used [0x00000000ecb80000,0x00000000ed079c98,0x00000000ed080000)
  to   space 5120K, 0% used [0x00000000ef100000,0x00000000ef100000,0x00000000ef600000)
 ParOldGen       total 87552K, used 1551K [0x00000000c0000000, 0x00000000c5580000, 0x00000000eab00000)
  object space 87552K, 1% used [0x00000000c0000000,0x00000000c0183db0,0x00000000c5580000)
 Metaspace       used 6249K, capacity 7064K, committed 7424K, reserved 1056768K
  class space    used 626K, capacity 656K, committed 768K, reserved 1048576K

Card table byte_map: [0x0000000011930000,0x0000000011b40000] byte_map_base: 0x0000000011330000

Marking Bits: (ParMarkBitMap*) 0x0000000065e3a6c0
 Begin Bits: [0x00000000128c0000, 0x00000000138c0000)
 End Bits:   [0x00000000138c0000, 0x00000000148c0000)

Polling page: 0x0000000000210000

CodeCache: size=245760Kb used=5712Kb max_used=5745Kb free=240047Kb
 bounds [0x0000000002570000, 0x0000000002b30000, 0x0000000011570000]
 total_blobs=1687 nmethods=1418 adapters=182
 compilation: enabled

Compilation events (10 events):
Event: 2.491 Thread 0x00000000554bf000 nmethod 1461 0x0000000002abc450 code [0x0000000002abc5c0, 0x0000000002abc798]
Event: 2.491 Thread 0x00000000554bf000 1463       2       java.util.Arrays::rangeCheck (74 bytes)
Event: 2.492 Thread 0x00000000554bf000 nmethod 1463 0x0000000002abc8d0 code [0x0000000002abcac0, 0x0000000002abd048]
Event: 2.492 Thread 0x00000000554bf000 1464  s    2       com.android.dx.dex.file.FieldIdsSection::intern (55 bytes)
Event: 2.493 Thread 0x00000000554bf000 nmethod 1464 0x0000000002abd410 code [0x0000000002abd5e0, 0x0000000002abdc28]
Event: 2.514 Thread 0x0000000056568000 nmethod 1239 0x0000000002ac4f50 code [0x0000000002ac53e0, 0x0000000002ac94a0]
Event: 2.515 Thread 0x0000000056568000 1383       4       com.android.dx.ssa.SsaBasicBlock::forEachInsn (37 bytes)
Event: 2.640 Thread 0x00000000554bd000 nmethod 1091 0x0000000002adf710 code [0x0000000002ae0f60, 0x0000000002aea920]
Event: 2.641 Thread 0x00000000554bd000 1222       4       com.android.dx.dex.code.RopTranslator$LocalVariableAwareTranslationVisitor::visitPlainInsn (11 bytes)
Event: 2.717 Thread 0x00000000554bd000 nmethod 1222 0x0000000002adaa90 code [0x0000000002adad40, 0x0000000002adca40]

GC Heap History (2 events):
Event: 1.912 GC heap before
{Heap before GC invocations=1 (full 0):
 PSYoungGen      total 38400K, used 33280K [0x00000000eab00000, 0x00000000ed580000, 0x0000000100000000)
  eden space 33280K, 100% used [0x00000000eab00000,0x00000000ecb80000,0x00000000ecb80000)
  from space 5120K, 0% used [0x00000000ed080000,0x00000000ed080000,0x00000000ed580000)
  to   space 5120K, 0% used [0x00000000ecb80000,0x00000000ecb80000,0x00000000ed080000)
 ParOldGen       total 87552K, used 0K [0x00000000c0000000, 0x00000000c5580000, 0x00000000eab00000)
  object space 87552K, 0% used [0x00000000c0000000,0x00000000c0000000,0x00000000c5580000)
 Metaspace       used 5924K, capacity 6900K, committed 7040K, reserved 1056768K
  class space    used 601K, capacity 620K, committed 640K, reserved 1048576K
Event: 1.941 GC heap after
Heap after GC invocations=1 (full 0):
 PSYoungGen      total 38400K, used 5095K [0x00000000eab00000, 0x00000000ef600000, 0x0000000100000000)
  eden space 33280K, 0% used [0x00000000eab00000,0x00000000eab00000,0x00000000ecb80000)
  from space 5120K, 99% used [0x00000000ecb80000,0x00000000ed079c98,0x00000000ed080000)
  to   space 5120K, 0% used [0x00000000ef100000,0x00000000ef100000,0x00000000ef600000)
 ParOldGen       total 87552K, used 1551K [0x00000000c0000000, 0x00000000c5580000, 0x00000000eab00000)
  object space 87552K, 1% used [0x00000000c0000000,0x00000000c0183db0,0x00000000c5580000)
 Metaspace       used 5924K, capacity 6900K, committed 7040K, reserved 1056768K
  class space    used 601K, capacity 620K, committed 640K, reserved 1048576K
}

Deoptimization events (10 events):
Event: 1.903 Thread 0x0000000056705000 Uncommon trap: reason=bimorphic action=maybe_recompile pc=0x00000000027cf558 method=java.util.HashMap.getNode(ILjava/lang/Object;)Ljava/util/HashMap$Node; @ 126
Event: 2.074 Thread 0x0000000056852000 Uncommon trap: reason=unstable_if action=reinterpret pc=0x0000000002886cb8 method=com.android.dx.rop.code.LocalItem.hashCode()I @ 25
Event: 2.074 Thread 0x0000000056852000 Uncommon trap: reason=unstable_if action=reinterpret pc=0x000000000283f2d8 method=com.android.dx.rop.code.LocalItem.hashCode()I @ 25
Event: 2.075 Thread 0x0000000056852000 Uncommon trap: reason=unstable_if action=reinterpret pc=0x00000000028e3418 method=com.android.dx.rop.code.LocalItem.hashCode()I @ 25
Event: 2.366 Thread 0x0000000056852000 Uncommon trap: reason=unstable_if action=reinterpret pc=0x0000000002a24a88 method=java.util.HashMap.getNode(ILjava/lang/Object;)Ljava/util/HashMap$Node; @ 84
Event: 2.484 Thread 0x0000000001ffe000 Uncommon trap: reason=class_check action=maybe_recompile pc=0x00000000029781f8 method=java.util.Arrays.hashCode([Ljava/lang/Object;)I @ 43
Event: 2.484 Thread 0x0000000001ffe000 Uncommon trap: reason=class_check action=maybe_recompile pc=0x00000000029781f8 method=java.util.Arrays.hashCode([Ljava/lang/Object;)I @ 43
Event: 2.485 Thread 0x0000000001ffe000 Uncommon trap: reason=class_check action=maybe_recompile pc=0x00000000029781f8 method=java.util.Arrays.hashCode([Ljava/lang/Object;)I @ 43
Event: 2.485 Thread 0x0000000001ffe000 Uncommon trap: reason=class_check action=maybe_recompile pc=0x00000000029781f8 method=java.util.Arrays.hashCode([Ljava/lang/Object;)I @ 43
Event: 2.485 Thread 0x0000000001ffe000 Uncommon trap: reason=class_check action=maybe_recompile pc=0x0000000002976ca8 method=java.util.Arrays.hashCode([Ljava/lang/Object;)I @ 43

Internal exceptions (6 events):
Event: 0.500 Thread 0x0000000001ffe000 Exception <a 'java/lang/NoSuchMethodError': Method sun.misc.Unsafe.defineClass(Ljava/lang/String;[BII)Ljava/lang/Class; name or signature does not match> (0x00000000eab07c78) thrown at [C:\re\workspace\8-2-build-windows-amd64-cygwin\jdk8u102\7268\hotspot\s³–á¡0à?
Event: 0.500 Thread 0x0000000001ffe000 Exception <a 'java/lang/NoSuchMethodError': Method sun.misc.Unsafe.prefetchRead(Ljava/lang/Object;J)V name or signature does not match> (0x00000000eab07f60) thrown at [C:\re\workspace\8-2-build-windows-amd64-cygwin\jdk8u102\7268\hotspot\src\share\vm\prims\ødøØý?
Event: 1.817 Thread 0x0000000056852000 Implicit null exception at 0x00000000028406d2 to 0x00000000028407c2
Event: 2.364 Thread 0x0000000056852000 Exception <a 'java/lang/ArrayIndexOutOfBoundsException': 18> (0x00000000ec586170) thrown at [C:\re\workspace\8-2-build-windows-amd64-cygwin\jdk8u102\7268\hotspot\src\share\vm\interpreter\interpreterRuntime.cpp, line 366]
Event: 2.364 Thread 0x0000000056852000 Exception <a 'java/lang/ArrayIndexOutOfBoundsException': 145> (0x00000000ec587cf0) thrown at [C:\re\workspace\8-2-build-windows-amd64-cygwin\jdk8u102\7268\hotspot\src\share\vm\interpreter\interpreterRuntime.cpp, line 366]
Event: 2.365 Thread 0x0000000056852000 Exception <a 'java/lang/ArrayIndexOutOfBoundsException': 40> (0x00000000ec588fd8) thrown at [C:\re\workspace\8-2-build-windows-amd64-cygwin\jdk8u102\7268\hotspot\src\share\vm\interpreter\interpreterRuntime.cpp, line 366]

Events (10 events):
Event: 2.485 loading class com/android/dx/rop/cst/Zeroes done
Event: 2.485 Thread 0x0000000001ffe000 Uncommon trap: trap_request=0xffffffde fr.pc=0x00000000029781f8
Event: 2.485 Thread 0x0000000001ffe000 DEOPT PACKING pc=0x00000000029781f8 sp=0x000000000229efd0
Event: 2.485 Thread 0x0000000001ffe000 DEOPT UNPACKING pc=0x00000000025b582a sp=0x000000000229ef00 mode 2
Event: 2.485 Thread 0x0000000001ffe000 Uncommon trap: trap_request=0xffffffde fr.pc=0x00000000029781f8
Event: 2.485 Thread 0x0000000001ffe000 DEOPT PACKING pc=0x00000000029781f8 sp=0x000000000229ef80
Event: 2.485 Thread 0x0000000001ffe000 DEOPT UNPACKING pc=0x00000000025b582a sp=0x000000000229eeb0 mode 2
Event: 2.485 Thread 0x0000000001ffe000 Uncommon trap: trap_request=0xffffffde fr.pc=0x0000000002976ca8
Event: 2.485 Thread 0x0000000001ffe000 DEOPT PACKING pc=0x0000000002976ca8 sp=0x000000000229ef70
Event: 2.485 Thread 0x0000000001ffe000 DEOPT UNPACKING pc=0x00000000025b582a sp=0x000000000229eef8 mode 2


Dynamic libraries:
0x000000013ff60000 - 0x000000013ff97000 	C:\Program Files\Java\jdk1.8.0_102\bin\java.exe
0x00000000770e0000 - 0x0000000077289000 	C:\Windows\SYSTEM32\ntdll.dll
0x0000000076fc0000 - 0x00000000770df000 	C:\Windows\system32\kernel32.dll
0x000007fefd220000 - 0x000007fefd28b000 	C:\Windows\system32\KERNELBASE.dll
0x000007fefef30000 - 0x000007feff00b000 	C:\Windows\system32\ADVAPI32.dll
0x000007feff1f0000 - 0x000007feff28f000 	C:\Windows\system32\msvcrt.dll
0x000007feff140000 - 0x000007feff15f000 	C:\Windows\SYSTEM32\sechost.dll
0x000007fefee00000 - 0x000007fefef2d000 	C:\Windows\system32\RPCRT4.dll
0x0000000076ec0000 - 0x0000000076fba000 	C:\Windows\system32\USER32.dll
0x000007fefdb70000 - 0x000007fefdbd7000 	C:\Windows\system32\GDI32.dll
0x000007feff160000 - 0x000007feff16e000 	C:\Windows\system32\LPK.dll
0x000007fefdaa0000 - 0x000007fefdb69000 	C:\Windows\system32\USP10.dll
0x000007fefb6f0000 - 0x000007fefb8e4000 	C:\Windows\WinSxS\amd64_microsoft.windows.common-controls_6595b64144ccf1df_6.0.7601.17514_none_fa396087175ac9ac\COMCTL32.dll
0x000007feff170000 - 0x000007feff1e1000 	C:\Windows\system32\SHLWAPI.dll
0x000007feff3c0000 - 0x000007feff3ee000 	C:\Windows\system32\IMM32.DLL
0x000007feff030000 - 0x000007feff139000 	C:\Windows\system32\MSCTF.dll
0x0000000067410000 - 0x00000000674e1000 	C:\Program Files\Java\jdk1.8.0_102\jre\bin\msvcr100.dll
0x0000000065620000 - 0x0000000065eba000 	C:\Program Files\Java\jdk1.8.0_102\jre\bin\server\jvm.dll
0x000007fefa640000 - 0x000007fefa649000 	C:\Windows\system32\WSOCK32.dll
0x000007fefedb0000 - 0x000007fefedfd000 	C:\Windows\system32\WS2_32.dll
0x000007fefd400000 - 0x000007fefd408000 	C:\Windows\system32\NSI.dll
0x000007fefb8f0000 - 0x000007fefb92b000 	C:\Windows\system32\WINMM.dll
0x000007fefbf90000 - 0x000007fefbf9c000 	C:\Windows\system32\VERSION.dll
0x00000000772a0000 - 0x00000000772a7000 	C:\Windows\system32\PSAPI.DLL
0x0000000073b00000 - 0x0000000073b0f000 	C:\Program Files\Java\jdk1.8.0_102\jre\bin\verify.dll
0x0000000071ef0000 - 0x0000000071f19000 	C:\Program Files\Java\jdk1.8.0_102\jre\bin\java.dll
0x0000000071ed0000 - 0x0000000071ee6000 	C:\Program Files\Java\jdk1.8.0_102\jre\bin\zip.dll
0x000007fefdfc0000 - 0x000007fefed48000 	C:\Windows\system32\SHELL32.dll
0x000007fefd890000 - 0x000007fefda93000 	C:\Windows\system32\ole32.dll
0x000007fefd030000 - 0x000007fefd03f000 	C:\Windows\system32\profapi.dll
0x000007fef46a0000 - 0x000007fef47c5000 	C:\Windows\system32\dbghelp.dll

VM Arguments:
jvm_args: -Djava.awt.headless=true -Xmx1024M -Dfile.encoding=windows-1252 -Duser.country=US -Duser.language=en -Duser.variant 
java_command: com.android.dx.command.Main --dex --num-threads=4 --output D:\ProjectNIIT\Pencel\app\build\intermediates\pre-dexed\debug\okio-1.8.0_13ce6e2fa72dfacf24d683ac378d15a0fc2e7b74.jar C:\Users\Admin\.gradle\caches\modules-2\files-2.1\com.squareup.okio\okio\1.8.0\5ea7af56cc7c567ed9856d99efb30740e9b17ff\okio-1.8.0.jar
java_class_path (initial): C:\Users\Admin\AppData\Local\Android\sdk\build-tools\24.0.1\lib\dx.jar
Launcher Type: SUN_STANDARD

Environment Variables:
PATH=C:\ProgramData\Oracle\Java\javapath;C:\Program Files (x86)\NVIDIA Corporation\PhysX\Common;c:\Program Files (x86)\Intel\iCLS Client\;c:\Program Files\Intel\iCLS Client\;C:\Windows\system32;C:\Windows;C:\Windows\System32\Wbem;C:\Windows\System32\WindowsPowerShell\v1.0\;C:\Program Files\Intel\Intel(R) Management Engine Components\DAL;C:\Program Files\Intel\Intel(R) Management Engine Components\IPT;C:\Program Files (x86)\Intel\Intel(R) Management Engine Components\DAL;C:\Program Files (x86)\Intel\Intel(R) Management Engine Components\IPT;C:\Program Files (x86)\Bitvise SSH Client;C:\Program Files\Intel\WiFi\bin\;C:\Program Files\Common Files\Intel\WirelessCommon\;C:\Program Files\Intel\WiFi\bin\;C:\Program Files\Common Files\Intel\WirelessCommon\
USERNAME=Admin
OS=Windows_NT
PROCESSOR_IDENTIFIER=Intel64 Family 6 Model 58 Stepping 9, GenuineIntel



---------------  S Y S T E M  ---------------

OS: Windows 7 , 64 bit Build 7601 (6.1.7601.17514)

CPU:total 8 (4 cores per cpu, 2 threads per core) family 6 model 58 stepping 9, cmov, cx8, fxsr, mmx, sse, sse2, sse3, ssse3, sse4.1, sse4.2, popcnt, avx, aes, clmul, erms, ht, tsc, tscinvbit, tscinv

Memory: 4k page, physical 8319552k(1930148k free), swap 16637260k(9207736k free)

vm_info: Java HotSpot(TM) 64-Bit Server VM (25.102-b14) for windows-amd64 JRE (1.8.0_102-b14), built on Jun 22 2016 13:15:21 by "java_re" with MS VC++ 10.0 (VS2010)

time: Wed Aug 31 21:22:23 2016
elapsed time: 3 seconds (0d 0h 0m 3s)

