#
# A fatal error has been detected by the Java Runtime Environment:
#
#  EXCEPTION_ACCESS_VIOLATION (0xc0000005) at pc=0x0000000065697623, pid=3128, tid=0x0000000000000580
#
# JRE version: Java(TM) SE Runtime Environment (8.0_102-b14) (build 1.8.0_102-b14)
# Java VM: Java HotSpot(TM) 64-Bit Server VM (25.102-b14 mixed mode windows-amd64 compressed oops)
# Problematic frame:
# V  [jvm.dll+0x77623]
#
# Failed to write core dump. Minidumps are not enabled by default on client versions of Windows
#
# If you would like to submit a bug report, please visit:
#   http://bugreport.java.com/bugreport/crash.jsp
#

---------------  T H R E A D  ---------------

Current thread (0x0000000056390800):  VMThread [stack: 0x0000000057450000,0x0000000057550000] [id=1408]

siginfo: ExceptionCode=0xc0000005, reading address 0x0000000000000090

Registers:
RAX=0x0000000065c73838, RBX=0x0000000000000080, RCX=0x000000005519a0a0, RDX=0x00000000eae9b0e8
RSP=0x000000005754f360, RBP=0x000000005754f458, RSI=0x000000005754f478, RDI=0x00000000551e0b18
R8 =0x00000000eab00000, R9 =0x000000000000ea6d, R10=0x0000000000000001, R11=0x000000005754f3b8
R12=0x0000000000000008, R13=0x0000000000046a78, R14=0x000000005754f498, R15=0x0000000065df3058
RIP=0x0000000065697623, EFLAGS=0x0000000000010202

Top of Stack: (sp=0x000000005754f360)
0x000000005754f360:   0000000001e69ad0 00000000658b5c08
0x000000005754f370:   00000000000003a8 0000000065645baf
0x000000005754f380:   0000000000046a78 0000000000005d1e
0x000000005754f390:   0000000001efd720 0000000000000000
0x000000005754f3a0:   0000000065df2ef0 0000000000000008
0x000000005754f3b0:   0000000065c73880 0000000065698520
0x000000005754f3c0:   0000000065df3058 0000000001edd640
0x000000005754f3d0:   000000005754f500 0000000001eff8f0
0x000000005754f3e0:   000000005754f458 000000005754f498
0x000000005754f3f0:   0000000001eff8f0 0000000065a21dd5
0x000000005754f400:   0000000001edd640 0000000065c73880
0x000000005754f410:   0000000065c73880 0000000001e933f0
0x000000005754f420:   0000000065df2ef0 0000000000000000
0x000000005754f430:   0000000065df2ef0 0000000000000000
0x000000005754f440:   0000000000000001 000000006744d701
0x000000005754f450:   0000000000000001 0000000000000587 

Instructions: (pc=0x0000000065697623)
0x0000000065697603:   0e 48 85 db 74 78 4c 8b 7c 24 60 4c 8b b4 24 88
0x0000000065697613:   00 00 00 66 66 0f 1f 84 00 00 00 00 00 49 8b 07
0x0000000065697623:   48 8b 53 10 49 8b cf ff 10 84 c0 74 18 48 85 f6
0x0000000065697633:   74 0d 48 8b 06 48 8d 53 10 48 8b ce ff 50 08 48 


Register to memory mapping:

RAX=0x0000000065c73838 is an unknown value
RBX=0x0000000000000080 is an unknown value
RCX=0x000000005519a0a0 is an unknown value
RDX=0x00000000eae9b0e8 is an oop
java.lang.String 
 - klass: 'java/lang/String'
RSP=0x000000005754f360 is an unknown value
RBP=0x000000005754f458 is an unknown value
RSI=0x000000005754f478 is an unknown value
RDI=0x00000000551e0b18 is an unknown value
R8 =0x00000000eab00000 is an oop
[I 
 - klass: {type array int}
 - length: 0
R9 =0x000000000000ea6d is an unknown value
R10=0x0000000000000001 is an unknown value
R11=0x000000005754f3b8 is an unknown value
R12=0x0000000000000008 is an unknown value
R13=0x0000000000046a78 is an unknown value
R14=0x000000005754f498 is an unknown value
R15=0x0000000065df3058 is an unknown value


Stack: [0x0000000057450000,0x0000000057550000],  sp=0x000000005754f360,  free space=1020k
Native frames: (J=compiled Java code, j=interpreted, Vv=VM code, C=native code)
V  [jvm.dll+0x77623]
V  [jvm.dll+0x78520]
V  [jvm.dll+0x401dd5]
V  [jvm.dll+0x402500]
V  [jvm.dll+0x3f2374]
V  [jvm.dll+0x404b16]
V  [jvm.dll+0x24b647]
V  [jvm.dll+0x24a8e6]
V  [jvm.dll+0x24ad81]
V  [jvm.dll+0x24af9e]
V  [jvm.dll+0x29c03a]
C  [msvcr100.dll+0x21d7b]
C  [msvcr100.dll+0x21e17]
C  [kernel32.dll+0x1652d]
C  [ntdll.dll+0x2c521]

VM_Operation (0x000000005868e460): ParallelGCFailedAllocation, mode: safepoint, requested by thread 0x000000005665e800


---------------  P R O C E S S  ---------------

Java Threads: ( => current thread )
  0x000000005665f000 JavaThread "pool-1-thread-4" [_thread_blocked, id=1508, stack(0x00000000580b0000,0x00000000581b0000)]
  0x000000005665e800 JavaThread "pool-1-thread-3" [_thread_blocked, id=6828, stack(0x0000000058590000,0x0000000058690000)]
  0x0000000056557000 JavaThread "pool-1-thread-2" [_thread_blocked, id=5664, stack(0x00000000583a0000,0x00000000584a0000)]
  0x0000000056556000 JavaThread "pool-2-thread-1" [_thread_blocked, id=4208, stack(0x0000000057c30000,0x0000000057d30000)]
  0x0000000056553800 JavaThread "pool-1-thread-1" [_thread_blocked, id=6380, stack(0x00000000581d0000,0x00000000582d0000)]
  0x0000000056403000 JavaThread "Service Thread" daemon [_thread_blocked, id=2456, stack(0x0000000057f80000,0x0000000058080000)]
  0x00000000563f0000 JavaThread "C1 CompilerThread3" daemon [_thread_blocked, id=4708, stack(0x0000000057d40000,0x0000000057e40000)]
  0x00000000563e3800 JavaThread "C2 CompilerThread2" daemon [_thread_blocked, id=6116, stack(0x0000000011bb0000,0x0000000011cb0000)]
  0x00000000563e2800 JavaThread "C2 CompilerThread1" daemon [_thread_blocked, id=6292, stack(0x0000000057af0000,0x0000000057bf0000)]
  0x00000000563de800 JavaThread "C2 CompilerThread0" daemon [_thread_blocked, id=808, stack(0x0000000057930000,0x0000000057a30000)]
  0x00000000563db000 JavaThread "Attach Listener" daemon [_thread_blocked, id=688, stack(0x0000000057700000,0x0000000057800000)]
  0x00000000563e8000 JavaThread "Signal Dispatcher" daemon [_thread_blocked, id=1564, stack(0x0000000057570000,0x0000000057670000)]
  0x000000005532d000 JavaThread "Finalizer" daemon [_thread_blocked, id=6920, stack(0x0000000012300000,0x0000000012400000)]
  0x0000000055326800 JavaThread "Reference Handler" daemon [_thread_blocked, id=6388, stack(0x00000000572e0000,0x00000000573e0000)]
  0x0000000001efe000 JavaThread "main" [_thread_blocked, id=6820, stack(0x0000000002210000,0x0000000002310000)]

Other Threads:
=>0x0000000056390800 VMThread [stack: 0x0000000057450000,0x0000000057550000] [id=1408]
  0x0000000056487800 WatcherThread [stack: 0x0000000057e40000,0x0000000057f40000] [id=6204]

VM state:at safepoint (normal execution)

VM Mutex/Monitor currently owned by a thread:  ([mutex/lock_event])
[0x0000000001efc620] Threads_lock - owner thread: 0x0000000056390800
[0x0000000001efcb20] Heap_lock - owner thread: 0x000000005665e800

Heap:
 PSYoungGen      total 38400K, used 33280K [0x00000000eab00000, 0x00000000ed580000, 0x0000000100000000)
  eden space 33280K, 100% used [0x00000000eab00000,0x00000000ecb80000,0x00000000ecb80000)
  from space 5120K, 0% used [0x00000000ed080000,0x00000000ed080000,0x00000000ed580000)
  to   space 5120K, 99% used [0x00000000ecb80000,0x00000000ed07aaa8,0x00000000ed080000)
 ParOldGen       total 87552K, used 1394K [0x00000000c0000000, 0x00000000c5580000, 0x00000000eab00000)
  object space 87552K, 1% used [0x00000000c0000000,0x00000000c015c908,0x00000000c5580000)
 Metaspace       used 5791K, capacity 6770K, committed 7040K, reserved 1056768K
  class space    used 593K, capacity 618K, committed 640K, reserved 1048576K

Card table byte_map: [0x00000000119a0000,0x0000000011bb0000] byte_map_base: 0x00000000113a0000

Marking Bits: (ParMarkBitMap*) 0x0000000065e3a6c0
 Begin Bits: [0x0000000012740000, 0x0000000013740000)
 End Bits:   [0x0000000013740000, 0x0000000014740000)

Polling page: 0x0000000000110000

CodeCache: size=245760Kb used=3789Kb max_used=3789Kb free=241970Kb
 bounds [0x00000000025e0000, 0x00000000029a0000, 0x00000000115e0000]
 total_blobs=1254 nmethods=986 adapters=181
 compilation: enabled

Compilation events (10 events):
Event: 1.262 Thread 0x00000000563f0000 1028       3       com.android.dx.cf.code.BasicBlocker::visitThrowing (59 bytes)
Event: 1.263 Thread 0x00000000563f0000 nmethod 1028 0x0000000002996690 code [0x0000000002996880, 0x00000000029972d8]
Event: 1.263 Thread 0x00000000563f0000 1010       3       com.android.dx.util.LabeledList::getMaxLabel (47 bytes)
Event: 1.263 Thread 0x00000000563f0000 nmethod 1010 0x0000000002992790 code [0x0000000002992920, 0x0000000002992d98]
Event: 1.263 Thread 0x00000000563f0000 1027       3       com.android.dx.util.MutabilityControl::isImmutable (13 bytes)
Event: 1.263 Thread 0x00000000563f0000 nmethod 1027 0x0000000002976810 code [0x0000000002976960, 0x0000000002976b10]
Event: 1.263 Thread 0x00000000563f0000 1026       3       com.android.dx.dex.code.CstInsn::<init> (39 bytes)
Event: 1.264 Thread 0x00000000563de800 1039       4       com.android.dx.ssa.SsaRenamer$BlockRenamer::visitNonMoveInsn (14 bytes)
Event: 1.264 Thread 0x00000000563f0000 nmethod 1026 0x0000000002992190 code [0x0000000002992320, 0x0000000002992638]
Event: 1.264 Thread 0x00000000563f0000 1005       3       com.android.dx.rop.code.BasicBlockList$RegCountVisitor::visitPlainCstInsn (6 bytes)

GC Heap History (1 events):
Event: 1.264 GC heap before
{Heap before GC invocations=1 (full 0):
 PSYoungGen      total 38400K, used 33280K [0x00000000eab00000, 0x00000000ed580000, 0x0000000100000000)
  eden space 33280K, 100% used [0x00000000eab00000,0x00000000ecb80000,0x00000000ecb80000)
  from space 5120K, 0% used [0x00000000ed080000,0x00000000ed080000,0x00000000ed580000)
  to   space 5120K, 0% used [0x00000000ecb80000,0x00000000ecb80000,0x00000000ed080000)
 ParOldGen       total 87552K, used 0K [0x00000000c0000000, 0x00000000c5580000, 0x00000000eab00000)
  object space 87552K, 0% used [0x00000000c0000000,0x00000000c0000000,0x00000000c5580000)
 Metaspace       used 5791K, capacity 6770K, committed 7040K, reserved 1056768K
  class space    used 593K, capacity 618K, committed 640K, reserved 1048576K

Deoptimization events (7 events):
Event: 0.911 Thread 0x000000005665f000 Uncommon trap: reason=unstable_if action=reinterpret pc=0x00000000027d7924 method=java.util.BitSet.ensureCapacity(I)V @ 6
Event: 0.927 Thread 0x000000005665e800 Uncommon trap: reason=bimorphic action=maybe_recompile pc=0x00000000027d7220 method=java.util.HashMap.getNode(ILjava/lang/Object;)Ljava/util/HashMap$Node; @ 126
Event: 0.927 Thread 0x000000005665e800 Uncommon trap: reason=bimorphic action=maybe_recompile pc=0x00000000027d7220 method=java.util.HashMap.getNode(ILjava/lang/Object;)Ljava/util/HashMap$Node; @ 126
Event: 0.927 Thread 0x000000005665e800 Uncommon trap: reason=bimorphic action=maybe_recompile pc=0x00000000027d7220 method=java.util.HashMap.getNode(ILjava/lang/Object;)Ljava/util/HashMap$Node; @ 126
Event: 0.927 Thread 0x000000005665e800 Uncommon trap: reason=bimorphic action=maybe_recompile pc=0x00000000027d7220 method=java.util.HashMap.getNode(ILjava/lang/Object;)Ljava/util/HashMap$Node; @ 126
Event: 0.927 Thread 0x000000005665e800 Uncommon trap: reason=bimorphic action=maybe_recompile pc=0x00000000027c0b4c method=java.util.HashMap.getNode(ILjava/lang/Object;)Ljava/util/HashMap$Node; @ 126
Event: 1.188 Thread 0x0000000056553800 Uncommon trap: reason=unstable_if action=reinterpret pc=0x000000000291d74c method=com.android.dx.ssa.SsaMethod.updateOneDefinition(Lcom/android/dx/ssa/SsaInsn;Lcom/android/dx/rop/code/RegisterSpec;)V @ 4

Internal exceptions (2 events):
Event: 0.050 Thread 0x0000000001efe000 Exception <a 'java/lang/NoSuchMethodError': Method sun.misc.Unsafe.defineClass(Ljava/lang/String;[BII)Ljava/lang/Class; name or signature does not match> (0x00000000eab07c78) thrown at [C:\re\workspace\8-2-build-windows-amd64-cygwin\jdk8u102\7268\hotspot\s.«æ™å´©?
Event: 0.050 Thread 0x0000000001efe000 Exception <a 'java/lang/NoSuchMethodError': Method sun.misc.Unsafe.prefetchRead(Ljava/lang/Object;J)V name or signature does not match> (0x00000000eab07f60) thrown at [C:\re\workspace\8-2-build-windows-amd64-cygwin\jdk8u102\7268\hotspot\src\share\vm\prims\

Events (10 events):
Event: 0.927 Thread 0x000000005665e800 DEOPT PACKING pc=0x00000000027c0b4c sp=0x000000005868e8f0
Event: 0.927 Thread 0x000000005665e800 DEOPT UNPACKING pc=0x000000000262582a sp=0x000000005868e888 mode 2
Event: 0.988 Executing VM operation: ForceSafepoint
Event: 1.028 Executing VM operation: ForceSafepoint done
Event: 1.187 loading class com/android/dx/rop/code/RegOps
Event: 1.187 loading class com/android/dx/rop/code/RegOps done
Event: 1.188 Thread 0x0000000056553800 Uncommon trap: trap_request=0xffffff65 fr.pc=0x000000000291d74c
Event: 1.188 Thread 0x0000000056553800 DEOPT PACKING pc=0x000000000291d74c sp=0x00000000582ce5a0
Event: 1.188 Thread 0x0000000056553800 DEOPT UNPACKING pc=0x000000000262582a sp=0x00000000582ce548 mode 2
Event: 1.264 Executing VM operation: ParallelGCFailedAllocation


Dynamic libraries:
0x000000013ff60000 - 0x000000013ff97000 	C:\Program Files\Java\jdk1.8.0_102\bin\java.exe
0x00000000770e0000 - 0x0000000077289000 	C:\Windows\SYSTEM32\ntdll.dll
0x0000000076fc0000 - 0x00000000770df000 	C:\Windows\system32\kernel32.dll
0x000007fefd220000 - 0x000007fefd28b000 	C:\Windows\system32\KERNELBASE.dll
0x000007fefef30000 - 0x000007feff00b000 	C:\Windows\system32\ADVAPI32.dll
0x000007feff1f0000 - 0x000007feff28f000 	C:\Windows\system32\msvcrt.dll
0x000007feff140000 - 0x000007feff15f000 	C:\Windows\SYSTEM32\sechost.dll
0x000007fefee00000 - 0x000007fefef2d000 	C:\Windows\system32\RPCRT4.dll
0x0000000076ec0000 - 0x0000000076fba000 	C:\Windows\system32\USER32.dll
0x000007fefdb70000 - 0x000007fefdbd7000 	C:\Windows\system32\GDI32.dll
0x000007feff160000 - 0x000007feff16e000 	C:\Windows\system32\LPK.dll
0x000007fefdaa0000 - 0x000007fefdb69000 	C:\Windows\system32\USP10.dll
0x000007fefb6f0000 - 0x000007fefb8e4000 	C:\Windows\WinSxS\amd64_microsoft.windows.common-controls_6595b64144ccf1df_6.0.7601.17514_none_fa396087175ac9ac\COMCTL32.dll
0x000007feff170000 - 0x000007feff1e1000 	C:\Windows\system32\SHLWAPI.dll
0x000007feff3c0000 - 0x000007feff3ee000 	C:\Windows\system32\IMM32.DLL
0x000007feff030000 - 0x000007feff139000 	C:\Windows\system32\MSCTF.dll
0x0000000067410000 - 0x00000000674e1000 	C:\Program Files\Java\jdk1.8.0_102\jre\bin\msvcr100.dll
0x0000000065620000 - 0x0000000065eba000 	C:\Program Files\Java\jdk1.8.0_102\jre\bin\server\jvm.dll
0x000007fefa640000 - 0x000007fefa649000 	C:\Windows\system32\WSOCK32.dll
0x000007fefedb0000 - 0x000007fefedfd000 	C:\Windows\system32\WS2_32.dll
0x000007fefd400000 - 0x000007fefd408000 	C:\Windows\system32\NSI.dll
0x000007fefb8f0000 - 0x000007fefb92b000 	C:\Windows\system32\WINMM.dll
0x000007fefbf90000 - 0x000007fefbf9c000 	C:\Windows\system32\VERSION.dll
0x00000000772a0000 - 0x00000000772a7000 	C:\Windows\system32\PSAPI.DLL
0x0000000073b00000 - 0x0000000073b0f000 	C:\Program Files\Java\jdk1.8.0_102\jre\bin\verify.dll
0x0000000071ef0000 - 0x0000000071f19000 	C:\Program Files\Java\jdk1.8.0_102\jre\bin\java.dll
0x0000000071ed0000 - 0x0000000071ee6000 	C:\Program Files\Java\jdk1.8.0_102\jre\bin\zip.dll
0x000007fefdfc0000 - 0x000007fefed48000 	C:\Windows\system32\SHELL32.dll
0x000007fefd890000 - 0x000007fefda93000 	C:\Windows\system32\ole32.dll
0x000007fefd030000 - 0x000007fefd03f000 	C:\Windows\system32\profapi.dll
0x000007fef46a0000 - 0x000007fef47c5000 	C:\Windows\system32\dbghelp.dll

VM Arguments:
jvm_args: -Djava.awt.headless=true -Xmx1024M -Dfile.encoding=windows-1252 -Duser.country=US -Duser.language=en -Duser.variant 
java_command: com.android.dx.command.Main --dex --num-threads=4 --output D:\ProjectNIIT\Pencel\app\build\intermediates\pre-dexed\debug\com.google.android.gms-play-services-clearcut-9.2.0_e40b4efc7f2d76f21c24d867c8e7e53858d60e74.jar D:\ProjectNIIT\Pencel\app\build\intermediates\exploded-aar\com.google.android.gms\play-services-clearcut\9.2.0\jars\classes.jar
java_class_path (initial): C:\Users\Admin\AppData\Local\Android\sdk\build-tools\24.0.1\lib\dx.jar
Launcher Type: SUN_STANDARD

Environment Variables:
PATH=C:\ProgramData\Oracle\Java\javapath;C:\Program Files (x86)\NVIDIA Corporation\PhysX\Common;c:\Program Files (x86)\Intel\iCLS Client\;c:\Program Files\Intel\iCLS Client\;C:\Windows\system32;C:\Windows;C:\Windows\System32\Wbem;C:\Windows\System32\WindowsPowerShell\v1.0\;C:\Program Files\Intel\Intel(R) Management Engine Components\DAL;C:\Program Files\Intel\Intel(R) Management Engine Components\IPT;C:\Program Files (x86)\Intel\Intel(R) Management Engine Components\DAL;C:\Program Files (x86)\Intel\Intel(R) Management Engine Components\IPT;C:\Program Files (x86)\Bitvise SSH Client;C:\Program Files\Intel\WiFi\bin\;C:\Program Files\Common Files\Intel\WirelessCommon\;C:\Program Files\Intel\WiFi\bin\;C:\Program Files\Common Files\Intel\WirelessCommon\
USERNAME=Admin
OS=Windows_NT
PROCESSOR_IDENTIFIER=Intel64 Family 6 Model 58 Stepping 9, GenuineIntel



---------------  S Y S T E M  ---------------

OS: Windows 7 , 64 bit Build 7601 (6.1.7601.17514)

CPU:total 8 (4 cores per cpu, 2 threads per core) family 6 model 58 stepping 9, cmov, cx8, fxsr, mmx, sse, sse2, sse3, ssse3, sse4.1, sse4.2, popcnt, avx, aes, clmul, erms, ht, tsc, tscinvbit, tscinv

Memory: 4k page, physical 8319552k(1936640k free), swap 16637260k(9240052k free)

vm_info: Java HotSpot(TM) 64-Bit Server VM (25.102-b14) for windows-amd64 JRE (1.8.0_102-b14), built on Jun 22 2016 13:15:21 by "java_re" with MS VC++ 10.0 (VS2010)

time: Wed Aug 31 21:22:30 2016
elapsed time: 1 seconds (0d 0h 0m 1s)

